Using pre-set license
Built from '2021.3/staging' branch; Version is '2021.3.24f1 (cf10dcf7010d) revision 13570268'; Using compiler version '192829333'; Build Type 'Release'
OS: 'Windows 11  (10.0.22621) 64bit Professional' Language: 'ru' Physical Memory: 32605 MB
BatchMode: 1, IsHumanControllingUs: 0, StartBugReporterOnCrash: 0, Is64bit: 1, IsPro: 1

COMMAND LINE ARGUMENTS:
D:\Unity\2021.3.24f1\Editor\Unity.exe
-adb2
-batchMode
-noUpm
-name
AssetImportWorker7
-projectPath
D:/UnityProject/24Play/Vladyslav-Fotesko-28.02.24
-logFile
Logs/AssetImportWorker7.log
-srvPort
55986
Successfully changed project path to: D:/UnityProject/24Play/Vladyslav-Fotesko-28.02.24
D:/UnityProject/24Play/Vladyslav-Fotesko-28.02.24
[UnityMemory] Configuration Parameters - Can be set up in boot.config
    "memorysetup-bucket-allocator-granularity=16"
    "memorysetup-bucket-allocator-bucket-count=8"
    "memorysetup-bucket-allocator-block-size=33554432"
    "memorysetup-bucket-allocator-block-count=8"
    "memorysetup-main-allocator-block-size=16777216"
    "memorysetup-thread-allocator-block-size=16777216"
    "memorysetup-gfx-main-allocator-block-size=16777216"
    "memorysetup-gfx-thread-allocator-block-size=16777216"
    "memorysetup-cache-allocator-block-size=4194304"
    "memorysetup-typetree-allocator-block-size=2097152"
    "memorysetup-profiler-bucket-allocator-granularity=16"
    "memorysetup-profiler-bucket-allocator-bucket-count=8"
    "memorysetup-profiler-bucket-allocator-block-size=33554432"
    "memorysetup-profiler-bucket-allocator-block-count=8"
    "memorysetup-profiler-allocator-block-size=16777216"
    "memorysetup-profiler-editor-allocator-block-size=1048576"
    "memorysetup-temp-allocator-size-main=16777216"
    "memorysetup-job-temp-allocator-block-size=2097152"
    "memorysetup-job-temp-allocator-block-size-background=1048576"
    "memorysetup-job-temp-allocator-reduction-small-platforms=262144"
    "memorysetup-temp-allocator-size-background-worker=32768"
    "memorysetup-temp-allocator-size-job-worker=262144"
    "memorysetup-temp-allocator-size-preload-manager=33554432"
    "memorysetup-temp-allocator-size-nav-mesh-worker=65536"
    "memorysetup-temp-allocator-size-audio-worker=65536"
    "memorysetup-temp-allocator-size-cloud-worker=32768"
    "memorysetup-temp-allocator-size-gi-baking-worker=262144"
    "memorysetup-temp-allocator-size-gfx=262144"
Player connection [31920] Host "[IP] 192.168.0.134 [Port] 0 [Flags] 2 [Guid] 460603689 [EditorId] 460603689 [Version] 1048832 [Id] WindowsEditor(7,Spektraz) [Debug] 1 [PackageName] WindowsEditor [ProjectName] Editor" joined multi-casting on [225.0.0.222:54997]...

Player connection [31920] Host "[IP] 192.168.0.134 [Port] 0 [Flags] 2 [Guid] 460603689 [EditorId] 460603689 [Version] 1048832 [Id] WindowsEditor(7,Spektraz) [Debug] 1 [PackageName] WindowsEditor [ProjectName] Editor" joined alternative multi-casting on [225.0.0.222:34997]...

Refreshing native plugins compatible for Editor in 43.14 ms, found 3 plugins.
Preloading 0 native plugins for Editor in 0.00 ms.
Initialize engine version: 2021.3.24f1 (cf10dcf7010d)
[Subsystems] Discovering subsystems at path D:/Unity/2021.3.24f1/Editor/Data/Resources/UnitySubsystems
[Subsystems] Discovering subsystems at path D:/UnityProject/24Play/Vladyslav-Fotesko-28.02.24/Assets
GfxDevice: creating device client; threaded=0; jobified=0
Direct3D:
    Version:  Direct3D 11.0 [level 11.1]
    Renderer: NVIDIA GeForce RTX 4070 Ti (ID=0x2782)
    Vendor:   NVIDIA
    VRAM:     11996 MB
    Driver:   31.0.15.5152
Initialize mono
Mono path[0] = 'D:/Unity/2021.3.24f1/Editor/Data/Managed'
Mono path[1] = 'D:/Unity/2021.3.24f1/Editor/Data/MonoBleedingEdge/lib/mono/unityjit-win32'
Mono config path = 'D:/Unity/2021.3.24f1/Editor/Data/MonoBleedingEdge/etc'
Using monoOptions --debugger-agent=transport=dt_socket,embedding=1,server=y,suspend=n,address=127.0.0.1:56916
Begin MonoManager ReloadAssembly
Registering precompiled unity dll's ...
Register platform support module: D:/Unity/2021.3.24f1/Editor/Data/PlaybackEngines/AndroidPlayer/UnityEditor.Android.Extensions.dll
Register platform support module: D:/Unity/2021.3.24f1/Editor/Data/PlaybackEngines/WindowsStandaloneSupport/UnityEditor.WindowsStandalone.Extensions.dll
Registered in 0.008271 seconds.
Native extension for WindowsStandalone target not found
Native extension for Android target not found
Android Extension - Scanning For ADB Devices 177 ms
Refreshing native plugins compatible for Editor in 38.08 ms, found 3 plugins.
Preloading 0 native plugins for Editor in 0.00 ms.
Mono: successfully reloaded assembly
- Completed reload, in  0.680 seconds
Domain Reload Profiling:
	ReloadAssembly (681ms)
		BeginReloadAssembly (128ms)
			ExecutionOrderSort (0ms)
			DisableScriptedObjects (0ms)
			BackupInstance (0ms)
			ReleaseScriptingObjects (0ms)
			CreateAndSetChildDomain (1ms)
		EndReloadAssembly (470ms)
			LoadAssemblies (117ms)
			RebuildTransferFunctionScriptingTraits (0ms)
			SetupTypeCache (66ms)
			ReleaseScriptCaches (0ms)
			RebuildScriptCaches (22ms)
			SetupLoadedEditorAssemblies (344ms)
				LogAssemblyErrors (0ms)
				InitializePlatformSupportModulesInManaged (231ms)
				SetLoadedEditorAssemblies (0ms)
				RefreshPlugins (38ms)
				BeforeProcessingInitializeOnLoad (1ms)
				ProcessInitializeOnLoadAttributes (51ms)
				ProcessInitializeOnLoadMethodAttributes (23ms)
				AfterProcessingInitializeOnLoad (0ms)
				EditorAssembliesLoaded (0ms)
			ExecutionOrderSort2 (0ms)
			AwakeInstancesAfterBackupRestoration (0ms)
Platform modules already initialized, skipping
Registering precompiled user dll's ...
Registered in 0.003771 seconds.
Begin MonoManager ReloadAssembly
Symbol file LoadedFromMemory doesn't match image D:\UnityProject\24Play\Vladyslav-Fotesko-28.02.24\Library\PackageCache\com.unity.visualscripting@1.8.0\Editor\VisualScripting.Core\Dependencies\YamlDotNet\Unity.VisualScripting.YamlDotNet.dll
Symbol file LoadedFromMemory doesn't match image D:\UnityProject\24Play\Vladyslav-Fotesko-28.02.24\Library\PackageCache\com.unity.visualscripting@1.8.0\Editor\VisualScripting.Core\Dependencies\DotNetZip\Unity.VisualScripting.IonicZip.dll
Native extension for WindowsStandalone target not found
Native extension for Android target not found
Refreshing native plugins compatible for Editor in 0.43 ms, found 3 plugins.
Preloading 0 native plugins for Editor in 0.00 ms.
Mono: successfully reloaded assembly
- Completed reload, in  0.644 seconds
Domain Reload Profiling:
	ReloadAssembly (645ms)
		BeginReloadAssembly (90ms)
			ExecutionOrderSort (0ms)
			DisableScriptedObjects (3ms)
			BackupInstance (0ms)
			ReleaseScriptingObjects (0ms)
			CreateAndSetChildDomain (13ms)
		EndReloadAssembly (485ms)
			LoadAssemblies (74ms)
			RebuildTransferFunctionScriptingTraits (0ms)
			SetupTypeCache (151ms)
			ReleaseScriptCaches (0ms)
			RebuildScriptCaches (28ms)
			SetupLoadedEditorAssemblies (219ms)
				LogAssemblyErrors (0ms)
				InitializePlatformSupportModulesInManaged (12ms)
				SetLoadedEditorAssemblies (0ms)
				RefreshPlugins (0ms)
				BeforeProcessingInitializeOnLoad (55ms)
				ProcessInitializeOnLoadAttributes (130ms)
				ProcessInitializeOnLoadMethodAttributes (10ms)
				AfterProcessingInitializeOnLoad (12ms)
				EditorAssembliesLoaded (0ms)
			ExecutionOrderSort2 (0ms)
			AwakeInstancesAfterBackupRestoration (4ms)
Platform modules already initialized, skipping
========================================================================
Worker process is ready to serve import requests
Launched and connected shader compiler UnityShaderCompiler.exe after 0.03 seconds
Refreshing native plugins compatible for Editor in 0.56 ms, found 3 plugins.
Preloading 0 native plugins for Editor in 0.00 ms.
Unloading 3072 Unused Serialized files (Serialized files now loaded: 0)
Unloading 22 unused Assets / (56.1 KB). Loaded Objects now: 3536.
Memory consumption went from 110.3 MB to 110.2 MB.
Total: 2.845600 ms (FindLiveObjects: 0.267600 ms CreateObjectMapping: 0.086000 ms MarkObjects: 2.434500 ms  DeleteObjects: 0.056300 ms)

AssetImportParameters requested are different than current active one (requested -> active):
  custom:video-decoder-ogg-theora: a1e56fd34408186e4bbccfd4996cb3dc -> 
  custom:container-muxer-webm: aa71ff27fc2769a1b78a27578f13a17b -> 
  custom:container-demuxer-webm: 4f35f7cbe854078d1ac9338744f61a02 -> 
  custom:video-encoder-webm-vp8: eb34c28f22e8b96e1ab97ce403110664 -> 
  custom:audio-encoder-webm-vorbis: bf7c407c2cedff20999df2af8eb42d56 -> 
  custom:framework-win-MediaFoundation: 216162199b28c13a410421893ffa2e32 -> 
  custom:container-demuxer-ogg: 62fdf1f143b41e24485cea50d1cbac27 -> 
  custom:video-decoder-webm-vp8: 9c59270c3fd7afecdb556c50c9e8de78 -> 
  custom:audio-decoder-ogg-vorbis: bf7c407c2cedff20999df2af8eb42d56 -> 
========================================================================
Received Import Request.
  Time since last request: 1110641.129572 seconds.
  path: Assets/Models/Сrystals.fbx
  artifactKey: Guid(e2fbdaa0bf1b646479226f00ed1fd840) Importer(815301076,1909f56bfc062723c751e8b465ee728b)
Start importing Assets/Models/Сrystals.fbx using Guid(e2fbdaa0bf1b646479226f00ed1fd840) Importer(815301076,1909f56bfc062723c751e8b465ee728b)  -> (artifact id: '2e489075f9f05a899d08262bd24b0348') in 0.243209 seconds 
========================================================================
Received Import Request.
  Time since last request: 0.016624 seconds.
  path: Assets/Prefabs/Crystals.prefab
  artifactKey: Guid(0fea24650abf2f0459981478af1ba755) Importer(815301076,1909f56bfc062723c751e8b465ee728b)
Start importing Assets/Prefabs/Crystals.prefab using Guid(0fea24650abf2f0459981478af1ba755) Importer(815301076,1909f56bfc062723c751e8b465ee728b)  -> (artifact id: '225af1b0a3a93de0d472f6568bcebfc5') in 0.014982 seconds 
========================================================================
Received Import Request.
  Time since last request: 0.000022 seconds.
  path: Assets/Prefabs/Wood.prefab
  artifactKey: Guid(0d12f17e0a9ed024784ea8da37bd5ace) Importer(815301076,1909f56bfc062723c751e8b465ee728b)
Start importing Assets/Prefabs/Wood.prefab using Guid(0d12f17e0a9ed024784ea8da37bd5ace) Importer(815301076,1909f56bfc062723c751e8b465ee728b)  -> (artifact id: '07645419339204d77dee477bc0a20fc4') in 0.010682 seconds 
========================================================================
Received Import Request.
  Time since last request: 0.000017 seconds.
  path: Assets/Prefabs/Workbench.prefab
  artifactKey: Guid(7d411be4e214dc54ebcd8ef8e6fef49f) Importer(815301076,1909f56bfc062723c751e8b465ee728b)
Start importing Assets/Prefabs/Workbench.prefab using Guid(7d411be4e214dc54ebcd8ef8e6fef49f) Importer(815301076,1909f56bfc062723c751e8b465ee728b)  -> (artifact id: '7c12c65d660e36c274571a4fae30dc0f') in 0.012183 seconds 
========================================================================
Received Import Request.
  Time since last request: 0.000018 seconds.
  path: Assets/Prefabs/Hex_Special.prefab
  artifactKey: Guid(22fb3abe7b03c724182abcc574da403c) Importer(815301076,1909f56bfc062723c751e8b465ee728b)
Start importing Assets/Prefabs/Hex_Special.prefab using Guid(22fb3abe7b03c724182abcc574da403c) Importer(815301076,1909f56bfc062723c751e8b465ee728b)  -> (artifact id: '4c7c4b1ebdcc92e5453a413e5a50942a') in 0.009429 seconds 
========================================================================
Received Import Request.
  Time since last request: 38.325202 seconds.
  path: Assets/Materials/Zone.mat
  artifactKey: Guid(9d9c8d95f4637b74a9dfb3f935f68cdc) Importer(815301076,1909f56bfc062723c751e8b465ee728b)
Start importing Assets/Materials/Zone.mat using Guid(9d9c8d95f4637b74a9dfb3f935f68cdc) Importer(815301076,1909f56bfc062723c751e8b465ee728b)  -> (artifact id: '146dc17aa2e6cd6c879eaab65fd37013') in 0.031103 seconds 
========================================================================
Received Import Request.
  Time since last request: 1198.260129 seconds.
  path: Assets/Textures/MainTex_1.png
  artifactKey: Guid(84d1ce763fa93484dae045253d61d11a) Importer(815301076,1909f56bfc062723c751e8b465ee728b)
Start importing Assets/Textures/MainTex_1.png using Guid(84d1ce763fa93484dae045253d61d11a) Importer(815301076,1909f56bfc062723c751e8b465ee728b)  -> (artifact id: 'b20f50f917a57f1e619f18c7ee546fc4') in 0.036627 seconds 
========================================================================
Received Import Request.
  Time since last request: 0.000014 seconds.
  path: Assets/Textures/MainTex_2.png
  artifactKey: Guid(24653ec757e2dd8449554c6be378991d) Importer(815301076,1909f56bfc062723c751e8b465ee728b)
Start importing Assets/Textures/MainTex_2.png using Guid(24653ec757e2dd8449554c6be378991d) Importer(815301076,1909f56bfc062723c751e8b465ee728b)  -> (artifact id: 'd058ecbcc010ea93229fcc0f9612b266') in 0.011077 seconds 
========================================================================
Received Import Request.
  Time since last request: 29.100385 seconds.
  path: Assets/Animations/Run.fbx
  artifactKey: Guid(494b39137ee90834080c6e35a4e6f829) Importer(815301076,1909f56bfc062723c751e8b465ee728b)
Start importing Assets/Animations/Run.fbx using Guid(494b39137ee90834080c6e35a4e6f829) Importer(815301076,1909f56bfc062723c751e8b465ee728b)  -> (artifact id: 'b24b0c8042eb24b7652e844eec2bffb5') in 0.008294 seconds 
========================================================================
Received Import Request.
  Time since last request: 59.062750 seconds.
  path: Assets/3rd-Party/Joystick Pack/Prefabs/Floating Joystick.prefab
  artifactKey: Guid(0d230cc8be529a542a08cb878ab14b18) Importer(815301076,1909f56bfc062723c751e8b465ee728b)
Start importing Assets/3rd-Party/Joystick Pack/Prefabs/Floating Joystick.prefab using Guid(0d230cc8be529a542a08cb878ab14b18) Importer(815301076,1909f56bfc062723c751e8b465ee728b)  -> (artifact id: 'dd311132976242fea6bc252b5f1cab1c') in 0.009286 seconds 
========================================================================
Received Import Request.
  Time since last request: 0.000011 seconds.
  path: Assets/3rd-Party/Joystick Pack/Prefabs/Variable Joystick.prefab
  artifactKey: Guid(ec536a7718376554185e4a856d5ae230) Importer(815301076,1909f56bfc062723c751e8b465ee728b)
Start importing Assets/3rd-Party/Joystick Pack/Prefabs/Variable Joystick.prefab using Guid(ec536a7718376554185e4a856d5ae230) Importer(815301076,1909f56bfc062723c751e8b465ee728b)  -> (artifact id: 'a0210dfac5e2e560977a239ae30d109e') in 0.005915 seconds 
========================================================================
Received Import Request.
  Time since last request: 45.225888 seconds.
  path: Assets/3rd-Party/Epic Toon FX/Materials/Basics/gradient_horizontal_ADD.mat
  artifactKey: Guid(bfe15c5c7817ef444ab6b80888ec22ea) Importer(815301076,1909f56bfc062723c751e8b465ee728b)
Start importing Assets/3rd-Party/Epic Toon FX/Materials/Basics/gradient_horizontal_ADD.mat using Guid(bfe15c5c7817ef444ab6b80888ec22ea) Importer(815301076,1909f56bfc062723c751e8b465ee728b)  -> (artifact id: '810a89afb53958ba66910bfde5df9587') in 0.008553 seconds 
========================================================================
Received Import Request.
  Time since last request: 58.529245 seconds.
  path: Assets/3rd-Party/Epic Toon FX/Textures/cloud_2x2_soft.png
  artifactKey: Guid(d91a7ceceb48b6d4eb7da66199435d99) Importer(815301076,1909f56bfc062723c751e8b465ee728b)
Start importing Assets/3rd-Party/Epic Toon FX/Textures/cloud_2x2_soft.png using Guid(d91a7ceceb48b6d4eb7da66199435d99) Importer(815301076,1909f56bfc062723c751e8b465ee728b)  -> (artifact id: 'a5b9cc2b8afe79fcbced68f5607d0711') in 0.010055 seconds 
========================================================================
Received Import Request.
  Time since last request: 0.000019 seconds.
  path: Assets/3rd-Party/Epic Toon FX/Textures/leaf_3x3.png
  artifactKey: Guid(08e6b69f364619d45ae70fde7386a155) Importer(815301076,1909f56bfc062723c751e8b465ee728b)
Start importing Assets/3rd-Party/Epic Toon FX/Textures/leaf_3x3.png using Guid(08e6b69f364619d45ae70fde7386a155) Importer(815301076,1909f56bfc062723c751e8b465ee728b)  -> (artifact id: '40204a781a0ab8bace07675b852f9dbb') in 0.016708 seconds 
========================================================================
Received Import Request.
  Time since last request: 0.000011 seconds.
  path: Assets/3rd-Party/Epic Toon FX/Textures/star.png
  artifactKey: Guid(93f8abb6df8f9f348910ec6328660560) Importer(815301076,1909f56bfc062723c751e8b465ee728b)
Start importing Assets/3rd-Party/Epic Toon FX/Textures/star.png using Guid(93f8abb6df8f9f348910ec6328660560) Importer(815301076,1909f56bfc062723c751e8b465ee728b)  -> (artifact id: 'd992fd5ae3cf77f39a7e285af3e01528') in 0.013306 seconds 
========================================================================
Received Import Request.
  Time since last request: 0.000011 seconds.
  path: Assets/3rd-Party/Epic Toon FX/Textures/portal_circular.png
  artifactKey: Guid(7bfde9f22b3d63742887f1977b9af1b6) Importer(815301076,1909f56bfc062723c751e8b465ee728b)
Start importing Assets/3rd-Party/Epic Toon FX/Textures/portal_circular.png using Guid(7bfde9f22b3d63742887f1977b9af1b6) Importer(815301076,1909f56bfc062723c751e8b465ee728b)  -> (artifact id: 'd6f3119795575a89fffc8ddc016a5b8e') in 0.008409 seconds 
Editor requested this worker to shutdown with reason: Scaling down because of idle timeout
AssetImportWorker is now disconnected from the server
Process exiting
Exiting without the bug reporter. Application will terminate with return code 0