Using pre-set license
Built from '2021.3/staging' branch; Version is '2021.3.24f1 (cf10dcf7010d) revision 13570268'; Using compiler version '192829333'; Build Type 'Release'
OS: 'Windows 11  (10.0.22621) 64bit Professional' Language: 'ru' Physical Memory: 32605 MB
BatchMode: 1, IsHumanControllingUs: 0, StartBugReporterOnCrash: 0, Is64bit: 1, IsPro: 1

COMMAND LINE ARGUMENTS:
D:\Unity\2021.3.24f1\Editor\Unity.exe
-adb2
-batchMode
-noUpm
-name
AssetImportWorker2
-projectPath
D:/UnityProject/24Play/Vladyslav-Fotesko-28.02.24
-logFile
Logs/AssetImportWorker2.log
-srvPort
55986
Successfully changed project path to: D:/UnityProject/24Play/Vladyslav-Fotesko-28.02.24
D:/UnityProject/24Play/Vladyslav-Fotesko-28.02.24
[UnityMemory] Configuration Parameters - Can be set up in boot.config
    "memorysetup-bucket-allocator-granularity=16"
    "memorysetup-bucket-allocator-bucket-count=8"
    "memorysetup-bucket-allocator-block-size=33554432"
    "memorysetup-bucket-allocator-block-count=8"
    "memorysetup-main-allocator-block-size=16777216"
    "memorysetup-thread-allocator-block-size=16777216"
    "memorysetup-gfx-main-allocator-block-size=16777216"
    "memorysetup-gfx-thread-allocator-block-size=16777216"
    "memorysetup-cache-allocator-block-size=4194304"
    "memorysetup-typetree-allocator-block-size=2097152"
    "memorysetup-profiler-bucket-allocator-granularity=16"
    "memorysetup-profiler-bucket-allocator-bucket-count=8"
    "memorysetup-profiler-bucket-allocator-block-size=33554432"
    "memorysetup-profiler-bucket-allocator-block-count=8"
    "memorysetup-profiler-allocator-block-size=16777216"
    "memorysetup-profiler-editor-allocator-block-size=1048576"
    "memorysetup-temp-allocator-size-main=16777216"
    "memorysetup-job-temp-allocator-block-size=2097152"
    "memorysetup-job-temp-allocator-block-size-background=1048576"
    "memorysetup-job-temp-allocator-reduction-small-platforms=262144"
    "memorysetup-temp-allocator-size-background-worker=32768"
    "memorysetup-temp-allocator-size-job-worker=262144"
    "memorysetup-temp-allocator-size-preload-manager=33554432"
    "memorysetup-temp-allocator-size-nav-mesh-worker=65536"
    "memorysetup-temp-allocator-size-audio-worker=65536"
    "memorysetup-temp-allocator-size-cloud-worker=32768"
    "memorysetup-temp-allocator-size-gi-baking-worker=262144"
    "memorysetup-temp-allocator-size-gfx=262144"
Player connection [21508] Host "[IP] 192.168.0.134 [Port] 0 [Flags] 2 [Guid] 1829394156 [EditorId] 1829394156 [Version] 1048832 [Id] WindowsEditor(7,Spektraz) [Debug] 1 [PackageName] WindowsEditor [ProjectName] Editor" joined multi-casting on [225.0.0.222:54997]...

Player connection [21508] Host "[IP] 192.168.0.134 [Port] 0 [Flags] 2 [Guid] 1829394156 [EditorId] 1829394156 [Version] 1048832 [Id] WindowsEditor(7,Spektraz) [Debug] 1 [PackageName] WindowsEditor [ProjectName] Editor" joined alternative multi-casting on [225.0.0.222:34997]...

Refreshing native plugins compatible for Editor in 38.64 ms, found 3 plugins.
Preloading 0 native plugins for Editor in 0.00 ms.
Initialize engine version: 2021.3.24f1 (cf10dcf7010d)
[Subsystems] Discovering subsystems at path D:/Unity/2021.3.24f1/Editor/Data/Resources/UnitySubsystems
[Subsystems] Discovering subsystems at path D:/UnityProject/24Play/Vladyslav-Fotesko-28.02.24/Assets
GfxDevice: creating device client; threaded=0; jobified=0
Direct3D:
    Version:  Direct3D 11.0 [level 11.1]
    Renderer: NVIDIA GeForce RTX 4070 Ti (ID=0x2782)
    Vendor:   NVIDIA
    VRAM:     11996 MB
    Driver:   31.0.15.5152
Initialize mono
Mono path[0] = 'D:/Unity/2021.3.24f1/Editor/Data/Managed'
Mono path[1] = 'D:/Unity/2021.3.24f1/Editor/Data/MonoBleedingEdge/lib/mono/unityjit-win32'
Mono config path = 'D:/Unity/2021.3.24f1/Editor/Data/MonoBleedingEdge/etc'
Using monoOptions --debugger-agent=transport=dt_socket,embedding=1,server=y,suspend=n,address=127.0.0.1:56536
Begin MonoManager ReloadAssembly
Registering precompiled unity dll's ...
Register platform support module: D:/Unity/2021.3.24f1/Editor/Data/PlaybackEngines/AndroidPlayer/UnityEditor.Android.Extensions.dll
Register platform support module: D:/Unity/2021.3.24f1/Editor/Data/PlaybackEngines/WindowsStandaloneSupport/UnityEditor.WindowsStandalone.Extensions.dll
Registered in 0.007086 seconds.
Native extension for WindowsStandalone target not found
Native extension for Android target not found
Android Extension - Scanning For ADB Devices 191 ms
Refreshing native plugins compatible for Editor in 45.36 ms, found 3 plugins.
Preloading 0 native plugins for Editor in 0.00 ms.
Mono: successfully reloaded assembly
- Completed reload, in  0.715 seconds
Domain Reload Profiling:
	ReloadAssembly (715ms)
		BeginReloadAssembly (134ms)
			ExecutionOrderSort (0ms)
			DisableScriptedObjects (0ms)
			BackupInstance (0ms)
			ReleaseScriptingObjects (0ms)
			CreateAndSetChildDomain (0ms)
		EndReloadAssembly (504ms)
			LoadAssemblies (122ms)
			RebuildTransferFunctionScriptingTraits (0ms)
			SetupTypeCache (71ms)
			ReleaseScriptCaches (0ms)
			RebuildScriptCaches (19ms)
			SetupLoadedEditorAssemblies (369ms)
				LogAssemblyErrors (0ms)
				InitializePlatformSupportModulesInManaged (244ms)
				SetLoadedEditorAssemblies (0ms)
				RefreshPlugins (45ms)
				BeforeProcessingInitializeOnLoad (1ms)
				ProcessInitializeOnLoadAttributes (50ms)
				ProcessInitializeOnLoadMethodAttributes (28ms)
				AfterProcessingInitializeOnLoad (0ms)
				EditorAssembliesLoaded (0ms)
			ExecutionOrderSort2 (0ms)
			AwakeInstancesAfterBackupRestoration (0ms)
Platform modules already initialized, skipping
Registering precompiled user dll's ...
Registered in 0.003834 seconds.
Begin MonoManager ReloadAssembly
Symbol file LoadedFromMemory doesn't match image D:\UnityProject\24Play\Vladyslav-Fotesko-28.02.24\Library\PackageCache\com.unity.visualscripting@1.8.0\Editor\VisualScripting.Core\Dependencies\YamlDotNet\Unity.VisualScripting.YamlDotNet.dll
Symbol file LoadedFromMemory doesn't match image D:\UnityProject\24Play\Vladyslav-Fotesko-28.02.24\Library\PackageCache\com.unity.visualscripting@1.8.0\Editor\VisualScripting.Core\Dependencies\DotNetZip\Unity.VisualScripting.IonicZip.dll
Native extension for WindowsStandalone target not found
Native extension for Android target not found
Refreshing native plugins compatible for Editor in 0.40 ms, found 3 plugins.
Preloading 0 native plugins for Editor in 0.00 ms.
Mono: successfully reloaded assembly
- Completed reload, in  0.673 seconds
Domain Reload Profiling:
	ReloadAssembly (673ms)
		BeginReloadAssembly (108ms)
			ExecutionOrderSort (0ms)
			DisableScriptedObjects (4ms)
			BackupInstance (0ms)
			ReleaseScriptingObjects (0ms)
			CreateAndSetChildDomain (15ms)
		EndReloadAssembly (490ms)
			LoadAssemblies (89ms)
			RebuildTransferFunctionScriptingTraits (0ms)
			SetupTypeCache (156ms)
			ReleaseScriptCaches (0ms)
			RebuildScriptCaches (30ms)
			SetupLoadedEditorAssemblies (214ms)
				LogAssemblyErrors (0ms)
				InitializePlatformSupportModulesInManaged (16ms)
				SetLoadedEditorAssemblies (0ms)
				RefreshPlugins (0ms)
				BeforeProcessingInitializeOnLoad (63ms)
				ProcessInitializeOnLoadAttributes (114ms)
				ProcessInitializeOnLoadMethodAttributes (13ms)
				AfterProcessingInitializeOnLoad (6ms)
				EditorAssembliesLoaded (0ms)
			ExecutionOrderSort2 (0ms)
			AwakeInstancesAfterBackupRestoration (3ms)
Platform modules already initialized, skipping
========================================================================
Worker process is ready to serve import requests
Launched and connected shader compiler UnityShaderCompiler.exe after 0.03 seconds
Refreshing native plugins compatible for Editor in 0.85 ms, found 3 plugins.
Preloading 0 native plugins for Editor in 0.00 ms.
Unloading 3072 Unused Serialized files (Serialized files now loaded: 0)
Unloading 22 unused Assets / (56.1 KB). Loaded Objects now: 3536.
Memory consumption went from 110.3 MB to 110.2 MB.
Total: 2.620700 ms (FindLiveObjects: 0.238000 ms CreateObjectMapping: 0.078600 ms MarkObjects: 2.228000 ms  DeleteObjects: 0.073400 ms)

AssetImportParameters requested are different than current active one (requested -> active):
  custom:video-decoder-ogg-theora: a1e56fd34408186e4bbccfd4996cb3dc -> 
  custom:container-muxer-webm: aa71ff27fc2769a1b78a27578f13a17b -> 
  custom:container-demuxer-webm: 4f35f7cbe854078d1ac9338744f61a02 -> 
  custom:video-encoder-webm-vp8: eb34c28f22e8b96e1ab97ce403110664 -> 
  custom:audio-encoder-webm-vorbis: bf7c407c2cedff20999df2af8eb42d56 -> 
  custom:framework-win-MediaFoundation: 216162199b28c13a410421893ffa2e32 -> 
  custom:container-demuxer-ogg: 62fdf1f143b41e24485cea50d1cbac27 -> 
  custom:video-decoder-webm-vp8: 9c59270c3fd7afecdb556c50c9e8de78 -> 
  custom:audio-decoder-ogg-vorbis: bf7c407c2cedff20999df2af8eb42d56 -> 
========================================================================
Received Import Request.
  Time since last request: 1110641.179862 seconds.
  path: Assets/Models/Hex_Special.fbx
  artifactKey: Guid(e893c7ddc0473b74bad4469d024bd58b) Importer(815301076,1909f56bfc062723c751e8b465ee728b)
Start importing Assets/Models/Hex_Special.fbx using Guid(e893c7ddc0473b74bad4469d024bd58b) Importer(815301076,1909f56bfc062723c751e8b465ee728b)  -> (artifact id: 'c3124c225b8114be7ccb5f77a7a9eee8') in 0.235383 seconds 
========================================================================
Received Import Request.
  Time since last request: 0.000020 seconds.
  path: Assets/Prefabs/Hex_Stone.prefab
  artifactKey: Guid(972692fe3646d5d48b1e4cddf4c468a9) Importer(815301076,1909f56bfc062723c751e8b465ee728b)
Start importing Assets/Prefabs/Hex_Stone.prefab using Guid(972692fe3646d5d48b1e4cddf4c468a9) Importer(815301076,1909f56bfc062723c751e8b465ee728b)  -> (artifact id: '99ce665afba4875f1c2e88a255365dbf') in 0.012359 seconds 
========================================================================
Received Import Request.
  Time since last request: 0.000032 seconds.
  path: Assets/Prefabs/Hex_Grass.prefab
  artifactKey: Guid(64fa419ec2460644295e3b88e2666100) Importer(815301076,1909f56bfc062723c751e8b465ee728b)
Start importing Assets/Prefabs/Hex_Grass.prefab using Guid(64fa419ec2460644295e3b88e2666100) Importer(815301076,1909f56bfc062723c751e8b465ee728b)  -> (artifact id: '8e21d385bfc559d74b79e2c10a04df85') in 0.010736 seconds 
========================================================================
Received Import Request.
  Time since last request: 32.675978 seconds.
  path: Assets/Fonts/LilitaOne-Regular-Simple.mat
  artifactKey: Guid(9b425ad2280f33a458ea79dbac556fb8) Importer(815301076,1909f56bfc062723c751e8b465ee728b)
Start importing Assets/Fonts/LilitaOne-Regular-Simple.mat using Guid(9b425ad2280f33a458ea79dbac556fb8) Importer(815301076,1909f56bfc062723c751e8b465ee728b)  -> (artifact id: '43d2b2cc11861912a529de82939eecf1') in 0.028295 seconds 
========================================================================
Received Import Request.
  Time since last request: 2.085789 seconds.
  path: Assets/Sprites/Crystal.png
  artifactKey: Guid(4213b40c29c327f4596745ac5b41e703) Importer(815301076,1909f56bfc062723c751e8b465ee728b)
Start importing Assets/Sprites/Crystal.png using Guid(4213b40c29c327f4596745ac5b41e703) Importer(815301076,1909f56bfc062723c751e8b465ee728b)  -> (artifact id: '70582fd774e0e197e13c0b2f2e9b67ee') in 0.047917 seconds 
========================================================================
Received Import Request.
  Time since last request: 2.463357 seconds.
  path: Assets/Prefabs/VFX/LeafExplosion.prefab
  artifactKey: Guid(484659a1b45a38f42a2e7b0cfa1e47c0) Importer(815301076,1909f56bfc062723c751e8b465ee728b)
Start importing Assets/Prefabs/VFX/LeafExplosion.prefab using Guid(484659a1b45a38f42a2e7b0cfa1e47c0) Importer(815301076,1909f56bfc062723c751e8b465ee728b)  -> (artifact id: '29b69c61d93d7a9ee68006eb8d72b581') in 0.054720 seconds 
========================================================================
Received Import Request.
  Time since last request: 0.962865 seconds.
  path: Assets/Materials/Hex_Edge.mat
  artifactKey: Guid(3f6942ca1b74bce429d342df5c7350c2) Importer(815301076,1909f56bfc062723c751e8b465ee728b)
Start importing Assets/Materials/Hex_Edge.mat using Guid(3f6942ca1b74bce429d342df5c7350c2) Importer(815301076,1909f56bfc062723c751e8b465ee728b)  -> (artifact id: '1773b398a1fb781da77f989378b0deba') in 0.014274 seconds 
Editor requested this worker to shutdown with reason: Scaling down because of idle timeout
AssetImportWorker is now disconnected from the server
Process exiting
Exiting without the bug reporter. Application will terminate with return code 0