Using pre-set license
Built from '2021.3/staging' branch; Version is '2021.3.24f1 (cf10dcf7010d) revision 13570268'; Using compiler version '192829333'; Build Type 'Release'
OS: 'Windows 11  (10.0.22621) 64bit Professional' Language: 'ru' Physical Memory: 32605 MB
BatchMode: 1, IsHumanControllingUs: 0, StartBugReporterOnCrash: 0, Is64bit: 1, IsPro: 1

COMMAND LINE ARGUMENTS:
D:\Unity\2021.3.24f1\Editor\Unity.exe
-adb2
-batchMode
-noUpm
-name
AssetImportWorker15
-projectPath
D:/UnityProject/24Play/Vladyslav-Fotesko-28.02.24
-logFile
Logs/AssetImportWorker15.log
-srvPort
55986
Successfully changed project path to: D:/UnityProject/24Play/Vladyslav-Fotesko-28.02.24
D:/UnityProject/24Play/Vladyslav-Fotesko-28.02.24
[UnityMemory] Configuration Parameters - Can be set up in boot.config
    "memorysetup-bucket-allocator-granularity=16"
    "memorysetup-bucket-allocator-bucket-count=8"
    "memorysetup-bucket-allocator-block-size=33554432"
    "memorysetup-bucket-allocator-block-count=8"
    "memorysetup-main-allocator-block-size=16777216"
    "memorysetup-thread-allocator-block-size=16777216"
    "memorysetup-gfx-main-allocator-block-size=16777216"
    "memorysetup-gfx-thread-allocator-block-size=16777216"
    "memorysetup-cache-allocator-block-size=4194304"
    "memorysetup-typetree-allocator-block-size=2097152"
    "memorysetup-profiler-bucket-allocator-granularity=16"
    "memorysetup-profiler-bucket-allocator-bucket-count=8"
    "memorysetup-profiler-bucket-allocator-block-size=33554432"
    "memorysetup-profiler-bucket-allocator-block-count=8"
    "memorysetup-profiler-allocator-block-size=16777216"
    "memorysetup-profiler-editor-allocator-block-size=1048576"
    "memorysetup-temp-allocator-size-main=16777216"
    "memorysetup-job-temp-allocator-block-size=2097152"
    "memorysetup-job-temp-allocator-block-size-background=1048576"
    "memorysetup-job-temp-allocator-reduction-small-platforms=262144"
    "memorysetup-temp-allocator-size-background-worker=32768"
    "memorysetup-temp-allocator-size-job-worker=262144"
    "memorysetup-temp-allocator-size-preload-manager=33554432"
    "memorysetup-temp-allocator-size-nav-mesh-worker=65536"
    "memorysetup-temp-allocator-size-audio-worker=65536"
    "memorysetup-temp-allocator-size-cloud-worker=32768"
    "memorysetup-temp-allocator-size-gi-baking-worker=262144"
    "memorysetup-temp-allocator-size-gfx=262144"
Player connection [33864] Host "[IP] 192.168.0.134 [Port] 0 [Flags] 2 [Guid] 1005551483 [EditorId] 1005551483 [Version] 1048832 [Id] WindowsEditor(7,Spektraz) [Debug] 1 [PackageName] WindowsEditor [ProjectName] Editor" joined multi-casting on [225.0.0.222:54997]...

Player connection [33864] Host "[IP] 192.168.0.134 [Port] 0 [Flags] 2 [Guid] 1005551483 [EditorId] 1005551483 [Version] 1048832 [Id] WindowsEditor(7,Spektraz) [Debug] 1 [PackageName] WindowsEditor [ProjectName] Editor" joined alternative multi-casting on [225.0.0.222:34997]...

Refreshing native plugins compatible for Editor in 39.27 ms, found 3 plugins.
Preloading 0 native plugins for Editor in 0.00 ms.
Initialize engine version: 2021.3.24f1 (cf10dcf7010d)
[Subsystems] Discovering subsystems at path D:/Unity/2021.3.24f1/Editor/Data/Resources/UnitySubsystems
[Subsystems] Discovering subsystems at path D:/UnityProject/24Play/Vladyslav-Fotesko-28.02.24/Assets
GfxDevice: creating device client; threaded=0; jobified=0
Direct3D:
    Version:  Direct3D 11.0 [level 11.1]
    Renderer: NVIDIA GeForce RTX 4070 Ti (ID=0x2782)
    Vendor:   NVIDIA
    VRAM:     11996 MB
    Driver:   31.0.15.5152
Initialize mono
Mono path[0] = 'D:/Unity/2021.3.24f1/Editor/Data/Managed'
Mono path[1] = 'D:/Unity/2021.3.24f1/Editor/Data/MonoBleedingEdge/lib/mono/unityjit-win32'
Mono config path = 'D:/Unity/2021.3.24f1/Editor/Data/MonoBleedingEdge/etc'
Using monoOptions --debugger-agent=transport=dt_socket,embedding=1,server=y,suspend=n,address=127.0.0.1:56972
Begin MonoManager ReloadAssembly
Registering precompiled unity dll's ...
Register platform support module: D:/Unity/2021.3.24f1/Editor/Data/PlaybackEngines/AndroidPlayer/UnityEditor.Android.Extensions.dll
Register platform support module: D:/Unity/2021.3.24f1/Editor/Data/PlaybackEngines/WindowsStandaloneSupport/UnityEditor.WindowsStandalone.Extensions.dll
Registered in 0.004345 seconds.
Native extension for WindowsStandalone target not found
Native extension for Android target not found
Android Extension - Scanning For ADB Devices 227 ms
Refreshing native plugins compatible for Editor in 36.87 ms, found 3 plugins.
Preloading 0 native plugins for Editor in 0.00 ms.
Mono: successfully reloaded assembly
- Completed reload, in  0.627 seconds
Domain Reload Profiling:
	ReloadAssembly (627ms)
		BeginReloadAssembly (81ms)
			ExecutionOrderSort (0ms)
			DisableScriptedObjects (0ms)
			BackupInstance (0ms)
			ReleaseScriptingObjects (0ms)
			CreateAndSetChildDomain (0ms)
		EndReloadAssembly (486ms)
			LoadAssemblies (79ms)
			RebuildTransferFunctionScriptingTraits (0ms)
			SetupTypeCache (60ms)
			ReleaseScriptCaches (0ms)
			RebuildScriptCaches (16ms)
			SetupLoadedEditorAssemblies (379ms)
				LogAssemblyErrors (0ms)
				InitializePlatformSupportModulesInManaged (272ms)
				SetLoadedEditorAssemblies (0ms)
				RefreshPlugins (37ms)
				BeforeProcessingInitializeOnLoad (1ms)
				ProcessInitializeOnLoadAttributes (46ms)
				ProcessInitializeOnLoadMethodAttributes (23ms)
				AfterProcessingInitializeOnLoad (0ms)
				EditorAssembliesLoaded (0ms)
			ExecutionOrderSort2 (0ms)
			AwakeInstancesAfterBackupRestoration (0ms)
Platform modules already initialized, skipping
Registering precompiled user dll's ...
Registered in 0.005331 seconds.
Begin MonoManager ReloadAssembly
Symbol file LoadedFromMemory doesn't match image D:\UnityProject\24Play\Vladyslav-Fotesko-28.02.24\Library\PackageCache\com.unity.visualscripting@1.8.0\Editor\VisualScripting.Core\Dependencies\YamlDotNet\Unity.VisualScripting.YamlDotNet.dll
Symbol file LoadedFromMemory doesn't match image D:\UnityProject\24Play\Vladyslav-Fotesko-28.02.24\Library\PackageCache\com.unity.visualscripting@1.8.0\Editor\VisualScripting.Core\Dependencies\DotNetZip\Unity.VisualScripting.IonicZip.dll
Native extension for WindowsStandalone target not found
Native extension for Android target not found
Refreshing native plugins compatible for Editor in 0.33 ms, found 3 plugins.
Preloading 0 native plugins for Editor in 0.00 ms.
Mono: successfully reloaded assembly
- Completed reload, in  0.614 seconds
Domain Reload Profiling:
	ReloadAssembly (615ms)
		BeginReloadAssembly (103ms)
			ExecutionOrderSort (0ms)
			DisableScriptedObjects (3ms)
			BackupInstance (0ms)
			ReleaseScriptingObjects (0ms)
			CreateAndSetChildDomain (12ms)
		EndReloadAssembly (445ms)
			LoadAssemblies (91ms)
			RebuildTransferFunctionScriptingTraits (0ms)
			SetupTypeCache (136ms)
			ReleaseScriptCaches (0ms)
			RebuildScriptCaches (27ms)
			SetupLoadedEditorAssemblies (196ms)
				LogAssemblyErrors (0ms)
				InitializePlatformSupportModulesInManaged (11ms)
				SetLoadedEditorAssemblies (0ms)
				RefreshPlugins (0ms)
				BeforeProcessingInitializeOnLoad (53ms)
				ProcessInitializeOnLoadAttributes (111ms)
				ProcessInitializeOnLoadMethodAttributes (10ms)
				AfterProcessingInitializeOnLoad (10ms)
				EditorAssembliesLoaded (0ms)
			ExecutionOrderSort2 (0ms)
			AwakeInstancesAfterBackupRestoration (3ms)
Platform modules already initialized, skipping
========================================================================
Worker process is ready to serve import requests
Launched and connected shader compiler UnityShaderCompiler.exe after 0.02 seconds
Refreshing native plugins compatible for Editor in 0.42 ms, found 3 plugins.
Preloading 0 native plugins for Editor in 0.00 ms.
Unloading 3072 Unused Serialized files (Serialized files now loaded: 0)
Unloading 22 unused Assets / (56.1 KB). Loaded Objects now: 3540.
Memory consumption went from 110.4 MB to 110.3 MB.
Total: 1.733300 ms (FindLiveObjects: 0.140000 ms CreateObjectMapping: 0.037400 ms MarkObjects: 1.509500 ms  DeleteObjects: 0.045700 ms)

AssetImportParameters requested are different than current active one (requested -> active):
  custom:video-decoder-ogg-theora: a1e56fd34408186e4bbccfd4996cb3dc -> 
  custom:container-muxer-webm: aa71ff27fc2769a1b78a27578f13a17b -> 
  custom:container-demuxer-webm: 4f35f7cbe854078d1ac9338744f61a02 -> 
  custom:video-encoder-webm-vp8: eb34c28f22e8b96e1ab97ce403110664 -> 
  custom:audio-encoder-webm-vorbis: bf7c407c2cedff20999df2af8eb42d56 -> 
  custom:framework-win-MediaFoundation: 216162199b28c13a410421893ffa2e32 -> 
  custom:container-demuxer-ogg: 62fdf1f143b41e24485cea50d1cbac27 -> 
  custom:video-decoder-webm-vp8: 9c59270c3fd7afecdb556c50c9e8de78 -> 
  custom:audio-decoder-ogg-vorbis: bf7c407c2cedff20999df2af8eb42d56 -> 
========================================================================
Received Import Request.
  Time since last request: 1112205.793145 seconds.
  path: Assets/Sprites/Crystal.png
  artifactKey: Guid(4213b40c29c327f4596745ac5b41e703) Importer(815301076,1909f56bfc062723c751e8b465ee728b)
Start importing Assets/Sprites/Crystal.png using Guid(4213b40c29c327f4596745ac5b41e703) Importer(815301076,1909f56bfc062723c751e8b465ee728b)  -> (artifact id: '8e34d86b5b87610dd581d6f6abf30343') in 0.076198 seconds 
========================================================================
Received Import Request.
  Time since last request: 8.519827 seconds.
  path: Assets/3rd-Party/BizulkaProduction/Hyper_Casual_Weapon/Prefabs/Crutch.prefab
  artifactKey: Guid(38202c3904c1618448e3213ffcb1711f) Importer(815301076,1909f56bfc062723c751e8b465ee728b)
Start importing Assets/3rd-Party/BizulkaProduction/Hyper_Casual_Weapon/Prefabs/Crutch.prefab using Guid(38202c3904c1618448e3213ffcb1711f) Importer(815301076,1909f56bfc062723c751e8b465ee728b)  -> (artifact id: '5aea3073641a1c537edd3acab7303a0d') in 0.067686 seconds 
========================================================================
Received Import Request.
  Time since last request: 2.143863 seconds.
  path: Assets/3rd-Party/Epic Toon FX/Models/ETFX_Shield.FBX
  artifactKey: Guid(ceb86a32224dc234d8c721b83a2c6821) Importer(815301076,1909f56bfc062723c751e8b465ee728b)
Start importing Assets/3rd-Party/Epic Toon FX/Models/ETFX_Shield.FBX using Guid(ceb86a32224dc234d8c721b83a2c6821) Importer(815301076,1909f56bfc062723c751e8b465ee728b)  -> (artifact id: '787c4e7d82aaec13218b0e067ba8fb01') in 0.045799 seconds 
========================================================================
Received Import Request.
  Time since last request: 0.400775 seconds.
  path: Assets/3rd-Party/Epic Toon FX/Models/Materials/verticalglow02.mat
  artifactKey: Guid(63fde91c4fed2924380f3667819f4d52) Importer(815301076,1909f56bfc062723c751e8b465ee728b)
Start importing Assets/3rd-Party/Epic Toon FX/Models/Materials/verticalglow02.mat using Guid(63fde91c4fed2924380f3667819f4d52) Importer(815301076,1909f56bfc062723c751e8b465ee728b)  -> (artifact id: 'f50314cdfde9c4a1e3979aa3895a4c6a') in 0.032641 seconds 
========================================================================
Received Import Request.
  Time since last request: 6.950278 seconds.
  path: Assets/3rd-Party/Epic Toon FX/Materials/Basics/circlestretchy_AB.mat
  artifactKey: Guid(c69a36694c3d44847ae1097a253e3d56) Importer(815301076,1909f56bfc062723c751e8b465ee728b)
Start importing Assets/3rd-Party/Epic Toon FX/Materials/Basics/circlestretchy_AB.mat using Guid(c69a36694c3d44847ae1097a253e3d56) Importer(815301076,1909f56bfc062723c751e8b465ee728b)  -> (artifact id: 'e9327cac5cca726f110f079fbddb121b') in 0.047110 seconds 
========================================================================
Received Import Request.
  Time since last request: 3.468584 seconds.
  path: Assets/3rd-Party/Epic Toon FX/Textures/circlestretchy.png
  artifactKey: Guid(c164f9cd69bbdea4fb535a9e6624bea8) Importer(815301076,1909f56bfc062723c751e8b465ee728b)
Start importing Assets/3rd-Party/Epic Toon FX/Textures/circlestretchy.png using Guid(c164f9cd69bbdea4fb535a9e6624bea8) Importer(815301076,1909f56bfc062723c751e8b465ee728b)  -> (artifact id: 'dc6e7c845b91f97811937acfb7a9e24d') in 0.049738 seconds 
========================================================================
Received Import Request.
  Time since last request: 1.317236 seconds.
  path: Assets/3rd-Party/Joystick Pack/Examples/Player.mat
  artifactKey: Guid(59e4faf24927edf4a82f463ad16f1c37) Importer(815301076,1909f56bfc062723c751e8b465ee728b)
Start importing Assets/3rd-Party/Joystick Pack/Examples/Player.mat using Guid(59e4faf24927edf4a82f463ad16f1c37) Importer(815301076,1909f56bfc062723c751e8b465ee728b)  -> (artifact id: '32de5297d1fa349c7ecda9214381f659') in 0.008197 seconds 
========================================================================
Received Import Request.
  Time since last request: 1125.379462 seconds.
  path: Assets/3rd-Party/BizulkaProduction/Hyper_Casual_Weapon/Materials/Pink_04.mat
  artifactKey: Guid(24864a994aa78be4a8bd8970a46f1536) Importer(815301076,1909f56bfc062723c751e8b465ee728b)
Start importing Assets/3rd-Party/BizulkaProduction/Hyper_Casual_Weapon/Materials/Pink_04.mat using Guid(24864a994aa78be4a8bd8970a46f1536) Importer(815301076,1909f56bfc062723c751e8b465ee728b)  -> (artifact id: '1747dbcb8d781537b528bc099b3a8146') in 0.009191 seconds 
========================================================================
Received Import Request.
  Time since last request: 2.207060 seconds.
  path: Assets/Models/Cap_WoodPile.fbx
  artifactKey: Guid(0d52f4bf94ec7b54097bf99531096226) Importer(815301076,1909f56bfc062723c751e8b465ee728b)
Start importing Assets/Models/Cap_WoodPile.fbx using Guid(0d52f4bf94ec7b54097bf99531096226) Importer(815301076,1909f56bfc062723c751e8b465ee728b)  -> (artifact id: '3af50f336fb2ee2078b2ea186ced2574') in 0.028826 seconds 
========================================================================
Received Import Request.
  Time since last request: 0.000015 seconds.
  path: Assets/Models/Lumber.fbx
  artifactKey: Guid(6a371f588f567f64a8713499162ecebb) Importer(815301076,1909f56bfc062723c751e8b465ee728b)
Start importing Assets/Models/Lumber.fbx using Guid(6a371f588f567f64a8713499162ecebb) Importer(815301076,1909f56bfc062723c751e8b465ee728b)  -> (artifact id: '2f8775f8ead7e320d627f4c50c253942') in 0.055470 seconds 
========================================================================
Received Import Request.
  Time since last request: 0.000020 seconds.
  path: Assets/Models/Crystal.fbx
  artifactKey: Guid(0d3bff141b52d3e46b70d2faf789b71e) Importer(815301076,1909f56bfc062723c751e8b465ee728b)
Start importing Assets/Models/Crystal.fbx using Guid(0d3bff141b52d3e46b70d2faf789b71e) Importer(815301076,1909f56bfc062723c751e8b465ee728b)  -> (artifact id: '4f25f5904ce609fdba4d297f54050e69') in 0.039102 seconds 
========================================================================
Received Import Request.
  Time since last request: 0.000014 seconds.
  path: Assets/Models/Сrystals.fbx
  artifactKey: Guid(e2fbdaa0bf1b646479226f00ed1fd840) Importer(815301076,1909f56bfc062723c751e8b465ee728b)
Start importing Assets/Models/Сrystals.fbx using Guid(e2fbdaa0bf1b646479226f00ed1fd840) Importer(815301076,1909f56bfc062723c751e8b465ee728b)  -> (artifact id: '9eebb3d95cfac8c739ac78de390c41d1') in 0.038755 seconds 
========================================================================
Received Import Request.
  Time since last request: 0.000012 seconds.
  path: Assets/Models/Hex_Special.fbx
  artifactKey: Guid(e893c7ddc0473b74bad4469d024bd58b) Importer(815301076,1909f56bfc062723c751e8b465ee728b)
Start importing Assets/Models/Hex_Special.fbx using Guid(e893c7ddc0473b74bad4469d024bd58b) Importer(815301076,1909f56bfc062723c751e8b465ee728b)  -> (artifact id: '46158470d929e5b180769edcf22e2e19') in 0.022479 seconds 
========================================================================
Received Import Request.
  Time since last request: 0.000012 seconds.
  path: Assets/Models/Stickman_new.fbx
  artifactKey: Guid(6e20732782e84f943a9c3780260926ce) Importer(815301076,1909f56bfc062723c751e8b465ee728b)
Start importing Assets/Models/Stickman_new.fbx using Guid(6e20732782e84f943a9c3780260926ce) Importer(815301076,1909f56bfc062723c751e8b465ee728b)  -> (artifact id: 'fba7632231b5eee7255afe2db5a62caf') in 0.033800 seconds 
========================================================================
Received Import Request.
  Time since last request: 0.000012 seconds.
  path: Assets/Models/Wood.fbx
  artifactKey: Guid(fa6d27c7243001640bca04f45c388dee) Importer(815301076,1909f56bfc062723c751e8b465ee728b)
Start importing Assets/Models/Wood.fbx using Guid(fa6d27c7243001640bca04f45c388dee) Importer(815301076,1909f56bfc062723c751e8b465ee728b)  -> (artifact id: '264976f2b58142d99be022fa9966280d') in 0.014089 seconds 
========================================================================
Received Import Request.
  Time since last request: 0.000015 seconds.
  path: Assets/Models/Hex_Grass.fbx
  artifactKey: Guid(0c5544ea230aa94438b1846dc8ad0953) Importer(815301076,1909f56bfc062723c751e8b465ee728b)
Start importing Assets/Models/Hex_Grass.fbx using Guid(0c5544ea230aa94438b1846dc8ad0953) Importer(815301076,1909f56bfc062723c751e8b465ee728b)  -> (artifact id: '6bc7e311f5e8535e2bc28032b0f59254') in 0.017473 seconds 
Editor requested this worker to shutdown with reason: Scaling down because of idle timeout
AssetImportWorker is now disconnected from the server
Process exiting
Exiting without the bug reporter. Application will terminate with return code 0