Using pre-set license
Built from '2021.3/staging' branch; Version is '2021.3.24f1 (cf10dcf7010d) revision 13570268'; Using compiler version '192829333'; Build Type 'Release'
OS: 'Windows 11  (10.0.22621) 64bit Professional' Language: 'ru' Physical Memory: 32605 MB
BatchMode: 1, IsHumanControllingUs: 0, StartBugReporterOnCrash: 0, Is64bit: 1, IsPro: 1

COMMAND LINE ARGUMENTS:
D:\Unity\2021.3.24f1\Editor\Unity.exe
-adb2
-batchMode
-noUpm
-name
AssetImportWorker8
-projectPath
D:/UnityProject/24Play/Vladyslav-Fotesko-28.02.24
-logFile
Logs/AssetImportWorker8.log
-srvPort
55986
Successfully changed project path to: D:/UnityProject/24Play/Vladyslav-Fotesko-28.02.24
D:/UnityProject/24Play/Vladyslav-Fotesko-28.02.24
[UnityMemory] Configuration Parameters - Can be set up in boot.config
    "memorysetup-bucket-allocator-granularity=16"
    "memorysetup-bucket-allocator-bucket-count=8"
    "memorysetup-bucket-allocator-block-size=33554432"
    "memorysetup-bucket-allocator-block-count=8"
    "memorysetup-main-allocator-block-size=16777216"
    "memorysetup-thread-allocator-block-size=16777216"
    "memorysetup-gfx-main-allocator-block-size=16777216"
    "memorysetup-gfx-thread-allocator-block-size=16777216"
    "memorysetup-cache-allocator-block-size=4194304"
    "memorysetup-typetree-allocator-block-size=2097152"
    "memorysetup-profiler-bucket-allocator-granularity=16"
    "memorysetup-profiler-bucket-allocator-bucket-count=8"
    "memorysetup-profiler-bucket-allocator-block-size=33554432"
    "memorysetup-profiler-bucket-allocator-block-count=8"
    "memorysetup-profiler-allocator-block-size=16777216"
    "memorysetup-profiler-editor-allocator-block-size=1048576"
    "memorysetup-temp-allocator-size-main=16777216"
    "memorysetup-job-temp-allocator-block-size=2097152"
    "memorysetup-job-temp-allocator-block-size-background=1048576"
    "memorysetup-job-temp-allocator-reduction-small-platforms=262144"
    "memorysetup-temp-allocator-size-background-worker=32768"
    "memorysetup-temp-allocator-size-job-worker=262144"
    "memorysetup-temp-allocator-size-preload-manager=33554432"
    "memorysetup-temp-allocator-size-nav-mesh-worker=65536"
    "memorysetup-temp-allocator-size-audio-worker=65536"
    "memorysetup-temp-allocator-size-cloud-worker=32768"
    "memorysetup-temp-allocator-size-gi-baking-worker=262144"
    "memorysetup-temp-allocator-size-gfx=262144"
Player connection [15900] Host "[IP] 192.168.0.134 [Port] 0 [Flags] 2 [Guid] 1314932227 [EditorId] 1314932227 [Version] 1048832 [Id] WindowsEditor(7,Spektraz) [Debug] 1 [PackageName] WindowsEditor [ProjectName] Editor" joined multi-casting on [225.0.0.222:54997]...

Player connection [15900] Host "[IP] 192.168.0.134 [Port] 0 [Flags] 2 [Guid] 1314932227 [EditorId] 1314932227 [Version] 1048832 [Id] WindowsEditor(7,Spektraz) [Debug] 1 [PackageName] WindowsEditor [ProjectName] Editor" joined alternative multi-casting on [225.0.0.222:34997]...

Refreshing native plugins compatible for Editor in 36.82 ms, found 3 plugins.
Preloading 0 native plugins for Editor in 0.00 ms.
Initialize engine version: 2021.3.24f1 (cf10dcf7010d)
[Subsystems] Discovering subsystems at path D:/Unity/2021.3.24f1/Editor/Data/Resources/UnitySubsystems
[Subsystems] Discovering subsystems at path D:/UnityProject/24Play/Vladyslav-Fotesko-28.02.24/Assets
GfxDevice: creating device client; threaded=0; jobified=0
Direct3D:
    Version:  Direct3D 11.0 [level 11.1]
    Renderer: NVIDIA GeForce RTX 4070 Ti (ID=0x2782)
    Vendor:   NVIDIA
    VRAM:     11996 MB
    Driver:   31.0.15.5152
Initialize mono
Mono path[0] = 'D:/Unity/2021.3.24f1/Editor/Data/Managed'
Mono path[1] = 'D:/Unity/2021.3.24f1/Editor/Data/MonoBleedingEdge/lib/mono/unityjit-win32'
Mono config path = 'D:/Unity/2021.3.24f1/Editor/Data/MonoBleedingEdge/etc'
Using monoOptions --debugger-agent=transport=dt_socket,embedding=1,server=y,suspend=n,address=127.0.0.1:56092
Begin MonoManager ReloadAssembly
Registering precompiled unity dll's ...
Register platform support module: D:/Unity/2021.3.24f1/Editor/Data/PlaybackEngines/AndroidPlayer/UnityEditor.Android.Extensions.dll
Register platform support module: D:/Unity/2021.3.24f1/Editor/Data/PlaybackEngines/WindowsStandaloneSupport/UnityEditor.WindowsStandalone.Extensions.dll
Registered in 0.004393 seconds.
Native extension for WindowsStandalone target not found
Native extension for Android target not found
Android Extension - Scanning For ADB Devices 131 ms
Refreshing native plugins compatible for Editor in 36.44 ms, found 3 plugins.
Preloading 0 native plugins for Editor in 0.00 ms.
Mono: successfully reloaded assembly
- Completed reload, in  0.469 seconds
Domain Reload Profiling:
	ReloadAssembly (469ms)
		BeginReloadAssembly (53ms)
			ExecutionOrderSort (0ms)
			DisableScriptedObjects (0ms)
			BackupInstance (0ms)
			ReleaseScriptingObjects (0ms)
			CreateAndSetChildDomain (0ms)
		EndReloadAssembly (364ms)
			LoadAssemblies (52ms)
			RebuildTransferFunctionScriptingTraits (0ms)
			SetupTypeCache (51ms)
			ReleaseScriptCaches (0ms)
			RebuildScriptCaches (13ms)
			SetupLoadedEditorAssemblies (272ms)
				LogAssemblyErrors (0ms)
				InitializePlatformSupportModulesInManaged (171ms)
				SetLoadedEditorAssemblies (0ms)
				RefreshPlugins (36ms)
				BeforeProcessingInitializeOnLoad (1ms)
				ProcessInitializeOnLoadAttributes (44ms)
				ProcessInitializeOnLoadMethodAttributes (20ms)
				AfterProcessingInitializeOnLoad (0ms)
				EditorAssembliesLoaded (0ms)
			ExecutionOrderSort2 (0ms)
			AwakeInstancesAfterBackupRestoration (0ms)
Platform modules already initialized, skipping
Registering precompiled user dll's ...
Registered in 0.003323 seconds.
Begin MonoManager ReloadAssembly
Symbol file LoadedFromMemory doesn't match image D:\UnityProject\24Play\Vladyslav-Fotesko-28.02.24\Library\PackageCache\com.unity.visualscripting@1.8.0\Editor\VisualScripting.Core\Dependencies\YamlDotNet\Unity.VisualScripting.YamlDotNet.dll
Symbol file LoadedFromMemory doesn't match image D:\UnityProject\24Play\Vladyslav-Fotesko-28.02.24\Library\PackageCache\com.unity.visualscripting@1.8.0\Editor\VisualScripting.Core\Dependencies\DotNetZip\Unity.VisualScripting.IonicZip.dll
Native extension for WindowsStandalone target not found
Native extension for Android target not found
Refreshing native plugins compatible for Editor in 0.28 ms, found 3 plugins.
Preloading 0 native plugins for Editor in 0.00 ms.
Mono: successfully reloaded assembly
- Completed reload, in  0.521 seconds
Domain Reload Profiling:
	ReloadAssembly (521ms)
		BeginReloadAssembly (68ms)
			ExecutionOrderSort (0ms)
			DisableScriptedObjects (3ms)
			BackupInstance (0ms)
			ReleaseScriptingObjects (0ms)
			CreateAndSetChildDomain (12ms)
		EndReloadAssembly (397ms)
			LoadAssemblies (55ms)
			RebuildTransferFunctionScriptingTraits (0ms)
			SetupTypeCache (127ms)
			ReleaseScriptCaches (0ms)
			RebuildScriptCaches (26ms)
			SetupLoadedEditorAssemblies (172ms)
				LogAssemblyErrors (0ms)
				InitializePlatformSupportModulesInManaged (10ms)
				SetLoadedEditorAssemblies (0ms)
				RefreshPlugins (0ms)
				BeforeProcessingInitializeOnLoad (43ms)
				ProcessInitializeOnLoadAttributes (103ms)
				ProcessInitializeOnLoadMethodAttributes (10ms)
				AfterProcessingInitializeOnLoad (6ms)
				EditorAssembliesLoaded (0ms)
			ExecutionOrderSort2 (0ms)
			AwakeInstancesAfterBackupRestoration (3ms)
Platform modules already initialized, skipping
========================================================================
Worker process is ready to serve import requests
Launched and connected shader compiler UnityShaderCompiler.exe after 0.02 seconds
Refreshing native plugins compatible for Editor in 0.36 ms, found 3 plugins.
Preloading 0 native plugins for Editor in 0.00 ms.
Unloading 3072 Unused Serialized files (Serialized files now loaded: 0)
Unloading 22 unused Assets / (56.2 KB). Loaded Objects now: 3539.
Memory consumption went from 110.6 MB to 110.5 MB.
Total: 1.810500 ms (FindLiveObjects: 0.132700 ms CreateObjectMapping: 0.042300 ms MarkObjects: 1.589000 ms  DeleteObjects: 0.045800 ms)

AssetImportParameters requested are different than current active one (requested -> active):
  custom:video-decoder-ogg-theora: a1e56fd34408186e4bbccfd4996cb3dc -> 
  custom:container-muxer-webm: aa71ff27fc2769a1b78a27578f13a17b -> 
  custom:container-demuxer-webm: 4f35f7cbe854078d1ac9338744f61a02 -> 
  custom:video-encoder-webm-vp8: eb34c28f22e8b96e1ab97ce403110664 -> 
  custom:audio-encoder-webm-vorbis: bf7c407c2cedff20999df2af8eb42d56 -> 
  custom:framework-win-MediaFoundation: 216162199b28c13a410421893ffa2e32 -> 
  custom:container-demuxer-ogg: 62fdf1f143b41e24485cea50d1cbac27 -> 
  custom:video-decoder-webm-vp8: 9c59270c3fd7afecdb556c50c9e8de78 -> 
  custom:audio-decoder-ogg-vorbis: bf7c407c2cedff20999df2af8eb42d56 -> 
========================================================================
Received Import Request.
  Time since last request: 1111907.225263 seconds.
  path: Assets/Animations/Idle.fbx
  artifactKey: Guid(eb3df6d1608e66f4c85e6be2cc5e7ca5) Importer(815301076,1909f56bfc062723c751e8b465ee728b)
Start importing Assets/Animations/Idle.fbx using Guid(eb3df6d1608e66f4c85e6be2cc5e7ca5) Importer(815301076,1909f56bfc062723c751e8b465ee728b)  -> (artifact id: 'd458c4f9ece4623ec9a4e320fede13c0') in 0.030057 seconds 
========================================================================
Received Import Request.
  Time since last request: 47.091970 seconds.
  path: Assets/3rd-Party/Joystick Pack/Examples/Player.mat
  artifactKey: Guid(59e4faf24927edf4a82f463ad16f1c37) Importer(815301076,1909f56bfc062723c751e8b465ee728b)
Start importing Assets/3rd-Party/Joystick Pack/Examples/Player.mat using Guid(59e4faf24927edf4a82f463ad16f1c37) Importer(815301076,1909f56bfc062723c751e8b465ee728b)  -> (artifact id: '724a31abaf9f69573ec709cb22934abe') in 0.044601 seconds 
========================================================================
Received Import Request.
  Time since last request: 11.901168 seconds.
  path: Assets/3rd-Party/Joystick Pack/Prefabs/Fixed Joystick.prefab
  artifactKey: Guid(aaa2c939c0359ac4dbce3f49e8b90252) Importer(815301076,1909f56bfc062723c751e8b465ee728b)
Start importing Assets/3rd-Party/Joystick Pack/Prefabs/Fixed Joystick.prefab using Guid(aaa2c939c0359ac4dbce3f49e8b90252) Importer(815301076,1909f56bfc062723c751e8b465ee728b)  -> (artifact id: '60e6dbec7262a14c0b1dcf8bcb48eda9') in 0.009907 seconds 
========================================================================
Received Import Request.
  Time since last request: 17.273299 seconds.
  path: Assets/3rd-Party/Epic Toon FX/Models/ETFX_Shield.FBX
  artifactKey: Guid(ceb86a32224dc234d8c721b83a2c6821) Importer(815301076,1909f56bfc062723c751e8b465ee728b)
Start importing Assets/3rd-Party/Epic Toon FX/Models/ETFX_Shield.FBX using Guid(ceb86a32224dc234d8c721b83a2c6821) Importer(815301076,1909f56bfc062723c751e8b465ee728b)  -> (artifact id: '2e3c997942f46c6ee79d60b0d29fffb3') in 0.024418 seconds 
========================================================================
Received Import Request.
  Time since last request: 10.053417 seconds.
  path: Assets/3rd-Party/Epic Toon FX/Models/Materials/verticalglow02.mat
  artifactKey: Guid(63fde91c4fed2924380f3667819f4d52) Importer(815301076,1909f56bfc062723c751e8b465ee728b)
Start importing Assets/3rd-Party/Epic Toon FX/Models/Materials/verticalglow02.mat using Guid(63fde91c4fed2924380f3667819f4d52) Importer(815301076,1909f56bfc062723c751e8b465ee728b)  -> (artifact id: '83f971566526589fce52f397ee96513d') in 0.011324 seconds 
========================================================================
Received Import Request.
  Time since last request: 17.858315 seconds.
  path: Assets/3rd-Party/Epic Toon FX/Materials/Basics/cloud_2x2_soft_AB.mat
  artifactKey: Guid(719f8d52fe2e6b444b41c2f7a8fe587b) Importer(815301076,1909f56bfc062723c751e8b465ee728b)
Start importing Assets/3rd-Party/Epic Toon FX/Materials/Basics/cloud_2x2_soft_AB.mat using Guid(719f8d52fe2e6b444b41c2f7a8fe587b) Importer(815301076,1909f56bfc062723c751e8b465ee728b)  -> (artifact id: '842a50266723533e41b360fe704e0a19') in 0.010514 seconds 
========================================================================
Received Import Request.
  Time since last request: 0.000011 seconds.
  path: Assets/3rd-Party/Epic Toon FX/Materials/Basics/solid_AB.mat
  artifactKey: Guid(072ade2f5404113439ad723bd09909d2) Importer(815301076,1909f56bfc062723c751e8b465ee728b)
Start importing Assets/3rd-Party/Epic Toon FX/Materials/Basics/solid_AB.mat using Guid(072ade2f5404113439ad723bd09909d2) Importer(815301076,1909f56bfc062723c751e8b465ee728b)  -> (artifact id: '90bd737009b21d7eb655f7d5da0316a0') in 0.010379 seconds 
========================================================================
Received Import Request.
  Time since last request: 58.522070 seconds.
  path: Assets/3rd-Party/Epic Toon FX/Textures/circlestretchy.png
  artifactKey: Guid(c164f9cd69bbdea4fb535a9e6624bea8) Importer(815301076,1909f56bfc062723c751e8b465ee728b)
Start importing Assets/3rd-Party/Epic Toon FX/Textures/circlestretchy.png using Guid(c164f9cd69bbdea4fb535a9e6624bea8) Importer(815301076,1909f56bfc062723c751e8b465ee728b)  -> (artifact id: 'b4a5e555ee07ed33fb0f08c7090b8556') in 0.026183 seconds 
========================================================================
Received Import Request.
  Time since last request: 0.000013 seconds.
  path: Assets/3rd-Party/Epic Toon FX/Textures/triangle_soft.png
  artifactKey: Guid(c21e9846e5a62354d8b9d86c2fa78a7d) Importer(815301076,1909f56bfc062723c751e8b465ee728b)
Start importing Assets/3rd-Party/Epic Toon FX/Textures/triangle_soft.png using Guid(c21e9846e5a62354d8b9d86c2fa78a7d) Importer(815301076,1909f56bfc062723c751e8b465ee728b)  -> (artifact id: '8c5beb9a7b0ffc7eee18050330b2df8f') in 0.017292 seconds 
========================================================================
Received Import Request.
  Time since last request: 8.698065 seconds.
  path: Assets/3rd-Party/BizulkaProduction/Hyper_Casual_Weapon/Materials/Pink_04.mat
  artifactKey: Guid(24864a994aa78be4a8bd8970a46f1536) Importer(815301076,1909f56bfc062723c751e8b465ee728b)
Start importing Assets/3rd-Party/BizulkaProduction/Hyper_Casual_Weapon/Materials/Pink_04.mat using Guid(24864a994aa78be4a8bd8970a46f1536) Importer(815301076,1909f56bfc062723c751e8b465ee728b)  -> (artifact id: '099429224488eb464639d7616d3f9fd2') in 0.017131 seconds 
========================================================================
Received Import Request.
  Time since last request: 14.311287 seconds.
  path: Assets/3rd-Party/BizulkaProduction/Hyper_Casual_Weapon/Models/Nails_Hammer.fbx
  artifactKey: Guid(1f985c465d3041547865bc6bce5915e9) Importer(815301076,1909f56bfc062723c751e8b465ee728b)
Start importing Assets/3rd-Party/BizulkaProduction/Hyper_Casual_Weapon/Models/Nails_Hammer.fbx using Guid(1f985c465d3041547865bc6bce5915e9) Importer(815301076,1909f56bfc062723c751e8b465ee728b)  -> (artifact id: 'bf89d2f983a4b7b6c0bc8756b1d029a4') in 0.017200 seconds 
========================================================================
Received Import Request.
  Time since last request: 5.761674 seconds.
  path: Assets/3rd-Party/BizulkaProduction/Hyper_Casual_Weapon/Prefabs/Crutch.prefab
  artifactKey: Guid(38202c3904c1618448e3213ffcb1711f) Importer(815301076,1909f56bfc062723c751e8b465ee728b)
Start importing Assets/3rd-Party/BizulkaProduction/Hyper_Casual_Weapon/Prefabs/Crutch.prefab using Guid(38202c3904c1618448e3213ffcb1711f) Importer(815301076,1909f56bfc062723c751e8b465ee728b)  -> (artifact id: '154a0c24062973f7871aadb7eeefd4c3') in 0.012046 seconds 
========================================================================
Received Prepare
Refreshing native plugins compatible for Editor in 2.18 ms, found 3 plugins.
Preloading 0 native plugins for Editor in 0.00 ms.
Unloading 15 Unused Serialized files (Serialized files now loaded: 0)
Unloading 15 unused Assets / (21.9 KB). Loaded Objects now: 3587.
Memory consumption went from 52.5 MB to 52.4 MB.
Total: 1.756400 ms (FindLiveObjects: 0.147500 ms CreateObjectMapping: 0.043800 ms MarkObjects: 1.552200 ms  DeleteObjects: 0.010500 ms)

AssetImportParameters requested are different than current active one (requested -> active):
  custom:video-decoder-ogg-theora: a1e56fd34408186e4bbccfd4996cb3dc -> 
  custom:container-muxer-webm: aa71ff27fc2769a1b78a27578f13a17b -> 
  custom:container-demuxer-webm: 4f35f7cbe854078d1ac9338744f61a02 -> 
  custom:video-encoder-webm-vp8: eb34c28f22e8b96e1ab97ce403110664 -> 
  custom:audio-encoder-webm-vorbis: bf7c407c2cedff20999df2af8eb42d56 -> 
  custom:framework-win-MediaFoundation: 216162199b28c13a410421893ffa2e32 -> 
  custom:container-demuxer-ogg: 62fdf1f143b41e24485cea50d1cbac27 -> 
  custom:video-decoder-webm-vp8: 9c59270c3fd7afecdb556c50c9e8de78 -> 
  custom:audio-decoder-ogg-vorbis: bf7c407c2cedff20999df2af8eb42d56 -> 
========================================================================
Received Prepare
Refreshing native plugins compatible for Editor in 2.21 ms, found 3 plugins.
Preloading 0 native plugins for Editor in 0.00 ms.
Unloading 15 Unused Serialized files (Serialized files now loaded: 0)
Unloading 15 unused Assets / (22.0 KB). Loaded Objects now: 3587.
Memory consumption went from 52.5 MB to 52.4 MB.
Total: 1.947100 ms (FindLiveObjects: 0.143500 ms CreateObjectMapping: 0.042100 ms MarkObjects: 1.749300 ms  DeleteObjects: 0.011800 ms)

AssetImportParameters requested are different than current active one (requested -> active):
  custom:video-decoder-ogg-theora: a1e56fd34408186e4bbccfd4996cb3dc -> 
  custom:container-muxer-webm: aa71ff27fc2769a1b78a27578f13a17b -> 
  custom:container-demuxer-webm: 4f35f7cbe854078d1ac9338744f61a02 -> 
  custom:video-encoder-webm-vp8: eb34c28f22e8b96e1ab97ce403110664 -> 
  custom:audio-encoder-webm-vorbis: bf7c407c2cedff20999df2af8eb42d56 -> 
  custom:framework-win-MediaFoundation: 216162199b28c13a410421893ffa2e32 -> 
  custom:container-demuxer-ogg: 62fdf1f143b41e24485cea50d1cbac27 -> 
  custom:video-decoder-webm-vp8: 9c59270c3fd7afecdb556c50c9e8de78 -> 
  custom:audio-decoder-ogg-vorbis: bf7c407c2cedff20999df2af8eb42d56 -> 
========================================================================
Received Prepare
Registering precompiled user dll's ...
Registered in 0.003888 seconds.
Begin MonoManager ReloadAssembly
Symbol file LoadedFromMemory doesn't match image D:\UnityProject\24Play\Vladyslav-Fotesko-28.02.24\Library\PackageCache\com.unity.visualscripting@1.8.0\Editor\VisualScripting.Core\Dependencies\YamlDotNet\Unity.VisualScripting.YamlDotNet.dll
Symbol file LoadedFromMemory doesn't match image D:\UnityProject\24Play\Vladyslav-Fotesko-28.02.24\Library\PackageCache\com.unity.visualscripting@1.8.0\Editor\VisualScripting.Core\Dependencies\DotNetZip\Unity.VisualScripting.IonicZip.dll
Native extension for WindowsStandalone target not found
Native extension for Android target not found
Refreshing native plugins compatible for Editor in 0.34 ms, found 3 plugins.
Preloading 0 native plugins for Editor in 0.00 ms.
Mono: successfully reloaded assembly
- Completed reload, in  0.540 seconds
Domain Reload Profiling:
	ReloadAssembly (540ms)
		BeginReloadAssembly (93ms)
			ExecutionOrderSort (0ms)
			DisableScriptedObjects (2ms)
			BackupInstance (0ms)
			ReleaseScriptingObjects (0ms)
			CreateAndSetChildDomain (19ms)
		EndReloadAssembly (393ms)
			LoadAssemblies (63ms)
			RebuildTransferFunctionScriptingTraits (0ms)
			SetupTypeCache (128ms)
			ReleaseScriptCaches (1ms)
			RebuildScriptCaches (20ms)
			SetupLoadedEditorAssemblies (165ms)
				LogAssemblyErrors (0ms)
				InitializePlatformSupportModulesInManaged (15ms)
				SetLoadedEditorAssemblies (0ms)
				RefreshPlugins (0ms)
				BeforeProcessingInitializeOnLoad (38ms)
				ProcessInitializeOnLoadAttributes (94ms)
				ProcessInitializeOnLoadMethodAttributes (10ms)
				AfterProcessingInitializeOnLoad (8ms)
				EditorAssembliesLoaded (0ms)
			ExecutionOrderSort2 (0ms)
			AwakeInstancesAfterBackupRestoration (3ms)
Platform modules already initialized, skipping
Refreshing native plugins compatible for Editor in 1.08 ms, found 3 plugins.
Preloading 0 native plugins for Editor in 0.00 ms.
Unloading 3051 Unused Serialized files (Serialized files now loaded: 0)
Unloading 15 unused Assets / (24.7 KB). Loaded Objects now: 3589.
Memory consumption went from 113.3 MB to 113.3 MB.
Total: 1.408000 ms (FindLiveObjects: 0.127600 ms CreateObjectMapping: 0.035100 ms MarkObjects: 1.234900 ms  DeleteObjects: 0.009600 ms)

AssetImportParameters requested are different than current active one (requested -> active):
  custom:video-decoder-ogg-theora: a1e56fd34408186e4bbccfd4996cb3dc -> 
  custom:container-muxer-webm: aa71ff27fc2769a1b78a27578f13a17b -> 
  custom:container-demuxer-webm: 4f35f7cbe854078d1ac9338744f61a02 -> 
  custom:video-encoder-webm-vp8: eb34c28f22e8b96e1ab97ce403110664 -> 
  custom:audio-encoder-webm-vorbis: bf7c407c2cedff20999df2af8eb42d56 -> 
  custom:framework-win-MediaFoundation: 216162199b28c13a410421893ffa2e32 -> 
  custom:container-demuxer-ogg: 62fdf1f143b41e24485cea50d1cbac27 -> 
  custom:video-decoder-webm-vp8: 9c59270c3fd7afecdb556c50c9e8de78 -> 
  custom:audio-decoder-ogg-vorbis: bf7c407c2cedff20999df2af8eb42d56 -> 
========================================================================
Received Import Request.
  Time since last request: 103.123122 seconds.
  path: Assets/Prefabs/Crystal.prefab
  artifactKey: Guid(b35ccf2f16f9a96419f1e668a426a19c) Importer(815301076,1909f56bfc062723c751e8b465ee728b)
Start importing Assets/Prefabs/Crystal.prefab using Guid(b35ccf2f16f9a96419f1e668a426a19c) Importer(815301076,1909f56bfc062723c751e8b465ee728b)  -> (artifact id: '909862388f83f4d7c8e35e384e8f9c26') in 0.167125 seconds 
========================================================================
Received Import Request.
  Time since last request: 0.000021 seconds.
  path: Assets/Prefabs/Pine.prefab
  artifactKey: Guid(5f35d5481349b2144874a0a4a8e841e6) Importer(815301076,1909f56bfc062723c751e8b465ee728b)
Start importing Assets/Prefabs/Pine.prefab using Guid(5f35d5481349b2144874a0a4a8e841e6) Importer(815301076,1909f56bfc062723c751e8b465ee728b)  -> (artifact id: '7b504a892d95071dfde7d3d87ac1fd83') in 0.039322 seconds 
========================================================================
Received Import Request.
  Time since last request: 0.000023 seconds.
  path: Assets/Prefabs/Wood.prefab
  artifactKey: Guid(0d12f17e0a9ed024784ea8da37bd5ace) Importer(815301076,1909f56bfc062723c751e8b465ee728b)
Start importing Assets/Prefabs/Wood.prefab using Guid(0d12f17e0a9ed024784ea8da37bd5ace) Importer(815301076,1909f56bfc062723c751e8b465ee728b)  -> (artifact id: 'f1ad955f8212caf2d76f6ae9316bba42') in 0.016543 seconds 
========================================================================
Received Import Request.
  Time since last request: 0.000015 seconds.
  path: Assets/Prefabs/Rock.prefab
  artifactKey: Guid(d767cc02bbbf49b408f00e6b817d87c5) Importer(815301076,1909f56bfc062723c751e8b465ee728b)
Start importing Assets/Prefabs/Rock.prefab using Guid(d767cc02bbbf49b408f00e6b817d87c5) Importer(815301076,1909f56bfc062723c751e8b465ee728b)  -> (artifact id: '469d7333f355f54bd9539810ee0beb9a') in 0.024299 seconds 
========================================================================
Received Import Request.
  Time since last request: 0.000014 seconds.
  path: Assets/Prefabs/Hex_Stone.prefab
  artifactKey: Guid(972692fe3646d5d48b1e4cddf4c468a9) Importer(815301076,1909f56bfc062723c751e8b465ee728b)
Start importing Assets/Prefabs/Hex_Stone.prefab using Guid(972692fe3646d5d48b1e4cddf4c468a9) Importer(815301076,1909f56bfc062723c751e8b465ee728b)  -> (artifact id: '5ae476add62080bb2d5d28447dbec7c1') in 0.075494 seconds 
========================================================================
Received Import Request.
  Time since last request: 0.000015 seconds.
  path: Assets/Prefabs/Hex_Grass.prefab
  artifactKey: Guid(64fa419ec2460644295e3b88e2666100) Importer(815301076,1909f56bfc062723c751e8b465ee728b)
Start importing Assets/Prefabs/Hex_Grass.prefab using Guid(64fa419ec2460644295e3b88e2666100) Importer(815301076,1909f56bfc062723c751e8b465ee728b)  -> (artifact id: 'd5cad9d61313e22962ace5375d5820d2') in 0.013336 seconds 
========================================================================
Received Import Request.
  Time since last request: 0.000013 seconds.
  path: Assets/Prefabs/Hex_Special.prefab
  artifactKey: Guid(22fb3abe7b03c724182abcc574da403c) Importer(815301076,1909f56bfc062723c751e8b465ee728b)
Start importing Assets/Prefabs/Hex_Special.prefab using Guid(22fb3abe7b03c724182abcc574da403c) Importer(815301076,1909f56bfc062723c751e8b465ee728b)  -> (artifact id: '389f884bda81a890d2a5b40eb5373d5f') in 0.014410 seconds 
========================================================================
Received Import Request.
  Time since last request: 3.342637 seconds.
  path: Assets/Sprites/white-rounded-outlined-square.png
  artifactKey: Guid(44f5651cf4649584294a4c1c9d471fa6) Importer(815301076,1909f56bfc062723c751e8b465ee728b)
Start importing Assets/Sprites/white-rounded-outlined-square.png using Guid(44f5651cf4649584294a4c1c9d471fa6) Importer(815301076,1909f56bfc062723c751e8b465ee728b)  -> (artifact id: 'b8ddfef8633d3e29cd6b09e20d36d18d') in 0.026423 seconds 
========================================================================
Received Import Request.
  Time since last request: 18.217569 seconds.
  path: Assets/3rd-Party/Epic Toon FX/Materials/Basics/gradient_horizontal_ADD.mat
  artifactKey: Guid(bfe15c5c7817ef444ab6b80888ec22ea) Importer(815301076,1909f56bfc062723c751e8b465ee728b)
Start importing Assets/3rd-Party/Epic Toon FX/Materials/Basics/gradient_horizontal_ADD.mat using Guid(bfe15c5c7817ef444ab6b80888ec22ea) Importer(815301076,1909f56bfc062723c751e8b465ee728b)  -> (artifact id: 'e6653fa0edb01214ac4c45ce81664151') in 0.016328 seconds 
========================================================================
Received Import Request.
  Time since last request: 3.499027 seconds.
  path: Assets/3rd-Party/Epic Toon FX/Textures/gradient_horizontal.png
  artifactKey: Guid(e869689c3425dc145a51bd31c5eee138) Importer(815301076,1909f56bfc062723c751e8b465ee728b)
Start importing Assets/3rd-Party/Epic Toon FX/Textures/gradient_horizontal.png using Guid(e869689c3425dc145a51bd31c5eee138) Importer(815301076,1909f56bfc062723c751e8b465ee728b)  -> (artifact id: '2707239353d85df8a0773bd93fc72b02') in 0.051364 seconds 
Editor requested this worker to shutdown with reason: Scaling down because of idle timeout
AssetImportWorker is now disconnected from the server
Process exiting
Exiting without the bug reporter. Application will terminate with return code 0