Using pre-set license
Built from '2021.3/staging' branch; Version is '2021.3.24f1 (cf10dcf7010d) revision 13570268'; Using compiler version '192829333'; Build Type 'Release'
OS: 'Windows 11  (10.0.22621) 64bit Professional' Language: 'ru' Physical Memory: 32605 MB
BatchMode: 1, IsHumanControllingUs: 0, StartBugReporterOnCrash: 0, Is64bit: 1, IsPro: 1

COMMAND LINE ARGUMENTS:
D:\Unity\2021.3.24f1\Editor\Unity.exe
-adb2
-batchMode
-noUpm
-name
AssetImportWorker4
-projectPath
D:/UnityProject/24Play/Vladyslav-Fotesko-28.02.24
-logFile
Logs/AssetImportWorker4.log
-srvPort
55986
Successfully changed project path to: D:/UnityProject/24Play/Vladyslav-Fotesko-28.02.24
D:/UnityProject/24Play/Vladyslav-Fotesko-28.02.24
[UnityMemory] Configuration Parameters - Can be set up in boot.config
    "memorysetup-bucket-allocator-granularity=16"
    "memorysetup-bucket-allocator-bucket-count=8"
    "memorysetup-bucket-allocator-block-size=33554432"
    "memorysetup-bucket-allocator-block-count=8"
    "memorysetup-main-allocator-block-size=16777216"
    "memorysetup-thread-allocator-block-size=16777216"
    "memorysetup-gfx-main-allocator-block-size=16777216"
    "memorysetup-gfx-thread-allocator-block-size=16777216"
    "memorysetup-cache-allocator-block-size=4194304"
    "memorysetup-typetree-allocator-block-size=2097152"
    "memorysetup-profiler-bucket-allocator-granularity=16"
    "memorysetup-profiler-bucket-allocator-bucket-count=8"
    "memorysetup-profiler-bucket-allocator-block-size=33554432"
    "memorysetup-profiler-bucket-allocator-block-count=8"
    "memorysetup-profiler-allocator-block-size=16777216"
    "memorysetup-profiler-editor-allocator-block-size=1048576"
    "memorysetup-temp-allocator-size-main=16777216"
    "memorysetup-job-temp-allocator-block-size=2097152"
    "memorysetup-job-temp-allocator-block-size-background=1048576"
    "memorysetup-job-temp-allocator-reduction-small-platforms=262144"
    "memorysetup-temp-allocator-size-background-worker=32768"
    "memorysetup-temp-allocator-size-job-worker=262144"
    "memorysetup-temp-allocator-size-preload-manager=33554432"
    "memorysetup-temp-allocator-size-nav-mesh-worker=65536"
    "memorysetup-temp-allocator-size-audio-worker=65536"
    "memorysetup-temp-allocator-size-cloud-worker=32768"
    "memorysetup-temp-allocator-size-gi-baking-worker=262144"
    "memorysetup-temp-allocator-size-gfx=262144"
Player connection [19616] Host "[IP] 192.168.0.134 [Port] 0 [Flags] 2 [Guid] 4239098700 [EditorId] 4239098700 [Version] 1048832 [Id] WindowsEditor(7,Spektraz) [Debug] 1 [PackageName] WindowsEditor [ProjectName] Editor" joined multi-casting on [225.0.0.222:54997]...

Player connection [19616] Host "[IP] 192.168.0.134 [Port] 0 [Flags] 2 [Guid] 4239098700 [EditorId] 4239098700 [Version] 1048832 [Id] WindowsEditor(7,Spektraz) [Debug] 1 [PackageName] WindowsEditor [ProjectName] Editor" joined alternative multi-casting on [225.0.0.222:34997]...

Refreshing native plugins compatible for Editor in 46.20 ms, found 3 plugins.
Preloading 0 native plugins for Editor in 0.00 ms.
Initialize engine version: 2021.3.24f1 (cf10dcf7010d)
[Subsystems] Discovering subsystems at path D:/Unity/2021.3.24f1/Editor/Data/Resources/UnitySubsystems
[Subsystems] Discovering subsystems at path D:/UnityProject/24Play/Vladyslav-Fotesko-28.02.24/Assets
GfxDevice: creating device client; threaded=0; jobified=0
Direct3D:
    Version:  Direct3D 11.0 [level 11.1]
    Renderer: NVIDIA GeForce RTX 4070 Ti (ID=0x2782)
    Vendor:   NVIDIA
    VRAM:     11996 MB
    Driver:   31.0.15.5152
Initialize mono
Mono path[0] = 'D:/Unity/2021.3.24f1/Editor/Data/Managed'
Mono path[1] = 'D:/Unity/2021.3.24f1/Editor/Data/MonoBleedingEdge/lib/mono/unityjit-win32'
Mono config path = 'D:/Unity/2021.3.24f1/Editor/Data/MonoBleedingEdge/etc'
Using monoOptions --debugger-agent=transport=dt_socket,embedding=1,server=y,suspend=n,address=127.0.0.1:56360
Begin MonoManager ReloadAssembly
Registering precompiled unity dll's ...
Register platform support module: D:/Unity/2021.3.24f1/Editor/Data/PlaybackEngines/AndroidPlayer/UnityEditor.Android.Extensions.dll
Register platform support module: D:/Unity/2021.3.24f1/Editor/Data/PlaybackEngines/WindowsStandaloneSupport/UnityEditor.WindowsStandalone.Extensions.dll
Registered in 0.009145 seconds.
Native extension for WindowsStandalone target not found
Native extension for Android target not found
Android Extension - Scanning For ADB Devices 192 ms
Refreshing native plugins compatible for Editor in 36.95 ms, found 3 plugins.
Preloading 0 native plugins for Editor in 0.00 ms.
Mono: successfully reloaded assembly
- Completed reload, in  0.696 seconds
Domain Reload Profiling:
	ReloadAssembly (697ms)
		BeginReloadAssembly (121ms)
			ExecutionOrderSort (0ms)
			DisableScriptedObjects (0ms)
			BackupInstance (0ms)
			ReleaseScriptingObjects (0ms)
			CreateAndSetChildDomain (0ms)
		EndReloadAssembly (493ms)
			LoadAssemblies (112ms)
			RebuildTransferFunctionScriptingTraits (0ms)
			SetupTypeCache (68ms)
			ReleaseScriptCaches (0ms)
			RebuildScriptCaches (17ms)
			SetupLoadedEditorAssemblies (367ms)
				LogAssemblyErrors (0ms)
				InitializePlatformSupportModulesInManaged (247ms)
				SetLoadedEditorAssemblies (0ms)
				RefreshPlugins (37ms)
				BeforeProcessingInitializeOnLoad (1ms)
				ProcessInitializeOnLoadAttributes (53ms)
				ProcessInitializeOnLoadMethodAttributes (29ms)
				AfterProcessingInitializeOnLoad (0ms)
				EditorAssembliesLoaded (0ms)
			ExecutionOrderSort2 (0ms)
			AwakeInstancesAfterBackupRestoration (0ms)
Platform modules already initialized, skipping
Registering precompiled user dll's ...
Registered in 0.004735 seconds.
Begin MonoManager ReloadAssembly
Symbol file LoadedFromMemory doesn't match image D:\UnityProject\24Play\Vladyslav-Fotesko-28.02.24\Library\PackageCache\com.unity.visualscripting@1.8.0\Editor\VisualScripting.Core\Dependencies\YamlDotNet\Unity.VisualScripting.YamlDotNet.dll
Symbol file LoadedFromMemory doesn't match image D:\UnityProject\24Play\Vladyslav-Fotesko-28.02.24\Library\PackageCache\com.unity.visualscripting@1.8.0\Editor\VisualScripting.Core\Dependencies\DotNetZip\Unity.VisualScripting.IonicZip.dll
Native extension for WindowsStandalone target not found
Native extension for Android target not found
Refreshing native plugins compatible for Editor in 0.34 ms, found 3 plugins.
Preloading 0 native plugins for Editor in 0.00 ms.
Mono: successfully reloaded assembly
- Completed reload, in  0.670 seconds
Domain Reload Profiling:
	ReloadAssembly (671ms)
		BeginReloadAssembly (102ms)
			ExecutionOrderSort (0ms)
			DisableScriptedObjects (4ms)
			BackupInstance (0ms)
			ReleaseScriptingObjects (0ms)
			CreateAndSetChildDomain (12ms)
		EndReloadAssembly (498ms)
			LoadAssemblies (87ms)
			RebuildTransferFunctionScriptingTraits (0ms)
			SetupTypeCache (154ms)
			ReleaseScriptCaches (0ms)
			RebuildScriptCaches (38ms)
			SetupLoadedEditorAssemblies (211ms)
				LogAssemblyErrors (0ms)
				InitializePlatformSupportModulesInManaged (12ms)
				SetLoadedEditorAssemblies (0ms)
				RefreshPlugins (0ms)
				BeforeProcessingInitializeOnLoad (56ms)
				ProcessInitializeOnLoadAttributes (125ms)
				ProcessInitializeOnLoadMethodAttributes (10ms)
				AfterProcessingInitializeOnLoad (6ms)
				EditorAssembliesLoaded (0ms)
			ExecutionOrderSort2 (0ms)
			AwakeInstancesAfterBackupRestoration (3ms)
Platform modules already initialized, skipping
========================================================================
Worker process is ready to serve import requests
Launched and connected shader compiler UnityShaderCompiler.exe after 0.03 seconds
Refreshing native plugins compatible for Editor in 0.50 ms, found 3 plugins.
Preloading 0 native plugins for Editor in 0.00 ms.
Unloading 3072 Unused Serialized files (Serialized files now loaded: 0)
Unloading 22 unused Assets / (56.1 KB). Loaded Objects now: 3536.
Memory consumption went from 110.3 MB to 110.2 MB.
Total: 3.164600 ms (FindLiveObjects: 0.301300 ms CreateObjectMapping: 0.089500 ms MarkObjects: 2.691500 ms  DeleteObjects: 0.081100 ms)

AssetImportParameters requested are different than current active one (requested -> active):
  custom:video-decoder-ogg-theora: a1e56fd34408186e4bbccfd4996cb3dc -> 
  custom:container-muxer-webm: aa71ff27fc2769a1b78a27578f13a17b -> 
  custom:container-demuxer-webm: 4f35f7cbe854078d1ac9338744f61a02 -> 
  custom:video-encoder-webm-vp8: eb34c28f22e8b96e1ab97ce403110664 -> 
  custom:audio-encoder-webm-vorbis: bf7c407c2cedff20999df2af8eb42d56 -> 
  custom:framework-win-MediaFoundation: 216162199b28c13a410421893ffa2e32 -> 
  custom:container-demuxer-ogg: 62fdf1f143b41e24485cea50d1cbac27 -> 
  custom:video-decoder-webm-vp8: 9c59270c3fd7afecdb556c50c9e8de78 -> 
  custom:audio-decoder-ogg-vorbis: bf7c407c2cedff20999df2af8eb42d56 -> 
========================================================================
Received Import Request.
  Time since last request: 1110641.205851 seconds.
  path: Assets/Models/Stickman_new.fbx
  artifactKey: Guid(6e20732782e84f943a9c3780260926ce) Importer(815301076,1909f56bfc062723c751e8b465ee728b)
Start importing Assets/Models/Stickman_new.fbx using Guid(6e20732782e84f943a9c3780260926ce) Importer(815301076,1909f56bfc062723c751e8b465ee728b)  -> (artifact id: '0560467986044086ad71dbb6214af919') in 0.239599 seconds 
========================================================================
Received Import Request.
  Time since last request: 1.271349 seconds.
  path: Assets/Scenes/Game.unity
  artifactKey: Guid(702d3556aafe7754191d540c964e0c3f) Importer(815301076,1909f56bfc062723c751e8b465ee728b)
Start importing Assets/Scenes/Game.unity using Guid(702d3556aafe7754191d540c964e0c3f) Importer(815301076,1909f56bfc062723c751e8b465ee728b)  -> (artifact id: 'e0015dd8b42053fb813ac01e3efa6ba1') in 0.006352 seconds 
========================================================================
Received Import Request.
  Time since last request: 31.395087 seconds.
  path: Assets/Fonts/LilitaOne-Regular-Outline.mat
  artifactKey: Guid(6049c5e772fcbae4ab2749c8041abbca) Importer(815301076,1909f56bfc062723c751e8b465ee728b)
Start importing Assets/Fonts/LilitaOne-Regular-Outline.mat using Guid(6049c5e772fcbae4ab2749c8041abbca) Importer(815301076,1909f56bfc062723c751e8b465ee728b)  -> (artifact id: '591ab6fadbf21381eb2d6c418f875917') in 0.032516 seconds 
========================================================================
Received Import Request.
  Time since last request: 2.081717 seconds.
  path: Assets/Sprites/Brick.png
  artifactKey: Guid(9905249b5b03d6143b75f32047d7bec5) Importer(815301076,1909f56bfc062723c751e8b465ee728b)
Start importing Assets/Sprites/Brick.png using Guid(9905249b5b03d6143b75f32047d7bec5) Importer(815301076,1909f56bfc062723c751e8b465ee728b)  -> (artifact id: '7162fc3ff4b16fa2bac453265a9d58e3') in 0.043056 seconds 
========================================================================
Received Import Request.
  Time since last request: 2.467948 seconds.
  path: Assets/Prefabs/VFX/DustMotesCalm.prefab
  artifactKey: Guid(c920ab1e4e17ac246a25d13c226774f4) Importer(815301076,1909f56bfc062723c751e8b465ee728b)
Start importing Assets/Prefabs/VFX/DustMotesCalm.prefab using Guid(c920ab1e4e17ac246a25d13c226774f4) Importer(815301076,1909f56bfc062723c751e8b465ee728b)  -> (artifact id: '1413d149b2ea6cc6eccd168a58e25d5b') in 0.055206 seconds 
========================================================================
Received Import Request.
  Time since last request: 0.962989 seconds.
  path: Assets/Materials/Cloud.mat
  artifactKey: Guid(92f32fadbda0b724aade29489f015c69) Importer(815301076,1909f56bfc062723c751e8b465ee728b)
Start importing Assets/Materials/Cloud.mat using Guid(92f32fadbda0b724aade29489f015c69) Importer(815301076,1909f56bfc062723c751e8b465ee728b)  -> (artifact id: 'c1fe2733321b21c8c291a937ea136b02') in 0.021936 seconds 
========================================================================
Received Import Request.
  Time since last request: 1.849731 seconds.
  path: Assets/3rd-Party/Joystick Pack
  artifactKey: Guid(5e384808c75b3924c8c8b1fa44eccd26) Importer(815301076,1909f56bfc062723c751e8b465ee728b)
Start importing Assets/3rd-Party/Joystick Pack using Guid(5e384808c75b3924c8c8b1fa44eccd26) Importer(815301076,1909f56bfc062723c751e8b465ee728b)  -> (artifact id: '6286be6f6601df2185ec1f84b7210f39') in 0.006589 seconds 
========================================================================
Received Import Request.
  Time since last request: 0.791997 seconds.
  path: Assets/3rd-Party/Joystick Pack/Sprites
  artifactKey: Guid(f36f8459cb8c3fd44ba4390ba9652af8) Importer(815301076,1909f56bfc062723c751e8b465ee728b)
Start importing Assets/3rd-Party/Joystick Pack/Sprites using Guid(f36f8459cb8c3fd44ba4390ba9652af8) Importer(815301076,1909f56bfc062723c751e8b465ee728b)  -> (artifact id: 'aeafca05e0f941898d6845f5bec6b690') in 0.004978 seconds 
========================================================================
Received Import Request.
  Time since last request: 0.357775 seconds.
  path: Assets/3rd-Party/Joystick Pack/Scripts
  artifactKey: Guid(07b685cbd69eaf049b40883b45f5bae2) Importer(815301076,1909f56bfc062723c751e8b465ee728b)
Start importing Assets/3rd-Party/Joystick Pack/Scripts using Guid(07b685cbd69eaf049b40883b45f5bae2) Importer(815301076,1909f56bfc062723c751e8b465ee728b)  -> (artifact id: '2e25ffcd889dd24da7eb15399984fb06') in 0.005667 seconds 
========================================================================
Received Import Request.
  Time since last request: 0.592903 seconds.
  path: Assets/3rd-Party/Joystick Pack/Scripts/Joysticks
  artifactKey: Guid(30f674d88470a814e8648e216b61b9ef) Importer(815301076,1909f56bfc062723c751e8b465ee728b)
Start importing Assets/3rd-Party/Joystick Pack/Scripts/Joysticks using Guid(30f674d88470a814e8648e216b61b9ef) Importer(815301076,1909f56bfc062723c751e8b465ee728b)  -> (artifact id: '344ff7dc8800a1444445676f75342751') in 0.005414 seconds 
========================================================================
Received Import Request.
  Time since last request: 0.667271 seconds.
  path: Assets/3rd-Party/Joystick Pack/Scripts/Joysticks/FloatingJoystick.cs
  artifactKey: Guid(7a47f546fc70ec8428172694e78e4288) Importer(815301076,1909f56bfc062723c751e8b465ee728b)
Start importing Assets/3rd-Party/Joystick Pack/Scripts/Joysticks/FloatingJoystick.cs using Guid(7a47f546fc70ec8428172694e78e4288) Importer(815301076,1909f56bfc062723c751e8b465ee728b)  -> (artifact id: 'b42f09fc97eba12b249c3c810f78591a') in 0.010529 seconds 
========================================================================
Received Import Request.
  Time since last request: 0.872560 seconds.
  path: Assets/3rd-Party/Joystick Pack/Scripts/Joysticks/FixedJoystick.cs
  artifactKey: Guid(45977bbae16431c46a013576a1aea384) Importer(815301076,1909f56bfc062723c751e8b465ee728b)
Start importing Assets/3rd-Party/Joystick Pack/Scripts/Joysticks/FixedJoystick.cs using Guid(45977bbae16431c46a013576a1aea384) Importer(815301076,1909f56bfc062723c751e8b465ee728b)  -> (artifact id: '3fb430f5a6bb736085ade39a0ad3d8ae') in 0.006145 seconds 
========================================================================
Received Import Request.
  Time since last request: 1098.105581 seconds.
  path: Assets/Prefabs
  artifactKey: Guid(848f29cf45385334785dc7aa37a5bbf9) Importer(815301076,1909f56bfc062723c751e8b465ee728b)
Start importing Assets/Prefabs using Guid(848f29cf45385334785dc7aa37a5bbf9) Importer(815301076,1909f56bfc062723c751e8b465ee728b)  -> (artifact id: '666a4aaa5579f1bb853df29e23c6bb87') in 0.006351 seconds 
========================================================================
Received Import Request.
  Time since last request: 4.440067 seconds.
  path: Assets/Prefabs/VFX
  artifactKey: Guid(277013e3c00e312419e14cafa53d2b21) Importer(815301076,1909f56bfc062723c751e8b465ee728b)
Start importing Assets/Prefabs/VFX using Guid(277013e3c00e312419e14cafa53d2b21) Importer(815301076,1909f56bfc062723c751e8b465ee728b)  -> (artifact id: '7925ff7e924608cc2afde77da7f1453e') in 0.005861 seconds 
========================================================================
Received Import Request.
  Time since last request: 0.491553 seconds.
  path: Assets/3rd-Party/Epic Toon FX/Materials/Basics/circle_AB.mat
  artifactKey: Guid(150aee38b5d848b42b75593618992bb7) Importer(815301076,1909f56bfc062723c751e8b465ee728b)
Start importing Assets/3rd-Party/Epic Toon FX/Materials/Basics/circle_AB.mat using Guid(150aee38b5d848b42b75593618992bb7) Importer(815301076,1909f56bfc062723c751e8b465ee728b)  -> (artifact id: '1452349f8637e88da1f251583e761265') in 0.010779 seconds 
========================================================================
Received Import Request.
  Time since last request: 3.558758 seconds.
  path: Assets/3rd-Party/Epic Toon FX/Materials/Misc/Unsorted/leaf_3x3_AB.mat
  artifactKey: Guid(fe8511f93a008754ab121c179e401ecf) Importer(815301076,1909f56bfc062723c751e8b465ee728b)
Start importing Assets/3rd-Party/Epic Toon FX/Materials/Misc/Unsorted/leaf_3x3_AB.mat using Guid(fe8511f93a008754ab121c179e401ecf) Importer(815301076,1909f56bfc062723c751e8b465ee728b)  -> (artifact id: '7ee7a16433d0374b9e304eb229bfc4b9') in 0.008855 seconds 
========================================================================
Received Import Request.
  Time since last request: 9.865978 seconds.
  path: Assets/3rd-Party/Epic Toon FX/Materials/Basics/triangle_soft_ADD.mat
  artifactKey: Guid(a058931dd3543234e94c05ced3fd8de6) Importer(815301076,1909f56bfc062723c751e8b465ee728b)
Start importing Assets/3rd-Party/Epic Toon FX/Materials/Basics/triangle_soft_ADD.mat using Guid(a058931dd3543234e94c05ced3fd8de6) Importer(815301076,1909f56bfc062723c751e8b465ee728b)  -> (artifact id: '4e526938f1ba99fe8ed16d76b1d81410') in 0.008514 seconds 
========================================================================
Received Import Request.
  Time since last request: 5.367634 seconds.
  path: Assets/3rd-Party/Epic Toon FX/Materials/Misc/Explosions/nova_3x3_spritesheet_ADD.mat
  artifactKey: Guid(da7ddd9092467374182355e1178b192e) Importer(815301076,1909f56bfc062723c751e8b465ee728b)
Start importing Assets/3rd-Party/Epic Toon FX/Materials/Misc/Explosions/nova_3x3_spritesheet_ADD.mat using Guid(da7ddd9092467374182355e1178b192e) Importer(815301076,1909f56bfc062723c751e8b465ee728b)  -> (artifact id: 'd082a32e96c4830f18ac82ca1b468a14') in 0.016219 seconds 
========================================================================
Received Import Request.
  Time since last request: 47.203161 seconds.
  path: Assets/3rd-Party/Epic Toon FX/Materials/Misc/Portals/portal_circular_ADD.mat
  artifactKey: Guid(fcdd5e9255d384b4f8ac9e8c75ad684d) Importer(815301076,1909f56bfc062723c751e8b465ee728b)
Start importing Assets/3rd-Party/Epic Toon FX/Materials/Misc/Portals/portal_circular_ADD.mat using Guid(fcdd5e9255d384b4f8ac9e8c75ad684d) Importer(815301076,1909f56bfc062723c751e8b465ee728b)  -> (artifact id: 'a513ad5280e2553cbfe6b1426529ee98') in 0.011818 seconds 
========================================================================
Received Import Request.
  Time since last request: 8.402119 seconds.
  path: Assets/3rd-Party/Epic Toon FX/Materials/Basics/glow1_ADD.mat
  artifactKey: Guid(e653836c30661fe419b8992e230ca189) Importer(815301076,1909f56bfc062723c751e8b465ee728b)
Start importing Assets/3rd-Party/Epic Toon FX/Materials/Basics/glow1_ADD.mat using Guid(e653836c30661fe419b8992e230ca189) Importer(815301076,1909f56bfc062723c751e8b465ee728b)  -> (artifact id: 'f365882b1bd1afc8e1e7c2d04ff597dc') in 0.024104 seconds 
========================================================================
Received Import Request.
  Time since last request: 15.536980 seconds.
  path: Assets/Textures/Causics.jpg
  artifactKey: Guid(4dfe750184617fd49992f7b7563c1818) Importer(815301076,1909f56bfc062723c751e8b465ee728b)
Start importing Assets/Textures/Causics.jpg using Guid(4dfe750184617fd49992f7b7563c1818) Importer(815301076,1909f56bfc062723c751e8b465ee728b)  -> (artifact id: '1462c02e0b971218cd05f8ce42cea623') in 0.014061 seconds 
========================================================================
Received Import Request.
  Time since last request: 0.000011 seconds.
  path: Assets/Textures/MainTex_4.png
  artifactKey: Guid(82c442296c1e98441b033d215e68806d) Importer(815301076,1909f56bfc062723c751e8b465ee728b)
Start importing Assets/Textures/MainTex_4.png using Guid(82c442296c1e98441b033d215e68806d) Importer(815301076,1909f56bfc062723c751e8b465ee728b)  -> (artifact id: 'd5bc7a0eed425eec509bc2dfd8e1c27c') in 0.010955 seconds 
========================================================================
Received Import Request.
  Time since last request: 0.000012 seconds.
  path: Assets/Textures/MainTex_3.psd
  artifactKey: Guid(234540ed0fbedaf42ba43ed694cc495b) Importer(815301076,1909f56bfc062723c751e8b465ee728b)
Start importing Assets/Textures/MainTex_3.psd using Guid(234540ed0fbedaf42ba43ed694cc495b) Importer(815301076,1909f56bfc062723c751e8b465ee728b)  -> (artifact id: 'df88732d075fe17ebcc560f8cfb69f66') in 0.009963 seconds 
========================================================================
Received Import Request.
  Time since last request: 0.000010 seconds.
  path: Assets/Textures/MainTex_5.png
  artifactKey: Guid(2b2e30f362ccc7c4fba8eab38eb03816) Importer(815301076,1909f56bfc062723c751e8b465ee728b)
Start importing Assets/Textures/MainTex_5.png using Guid(2b2e30f362ccc7c4fba8eab38eb03816) Importer(815301076,1909f56bfc062723c751e8b465ee728b)  -> (artifact id: 'f86cdb96e675f550ca671eeb837cff71') in 0.013285 seconds 
========================================================================
Received Import Request.
  Time since last request: 29.095210 seconds.
  path: Assets/Animations/Attack.fbx
  artifactKey: Guid(a76a929587b416448b9a51b206a21270) Importer(815301076,1909f56bfc062723c751e8b465ee728b)
Start importing Assets/Animations/Attack.fbx using Guid(a76a929587b416448b9a51b206a21270) Importer(815301076,1909f56bfc062723c751e8b465ee728b)  -> (artifact id: 'f86f3e587bf1d8c2ed71c85a9a91c40e') in 0.008850 seconds 
========================================================================
Received Import Request.
  Time since last request: 0.000014 seconds.
  path: Assets/Animations/Walk.fbx
  artifactKey: Guid(5ec6477a5bf8a2d4092f9da9655e81c9) Importer(815301076,1909f56bfc062723c751e8b465ee728b)
Start importing Assets/Animations/Walk.fbx using Guid(5ec6477a5bf8a2d4092f9da9655e81c9) Importer(815301076,1909f56bfc062723c751e8b465ee728b)  -> (artifact id: 'fc334517aa7eb1b710cc91dba6b13711') in 0.012651 seconds 
========================================================================
Received Import Request.
  Time since last request: 6.958735 seconds.
  path: Assets/3rd-Party/StylizedWater/Prefabs
  artifactKey: Guid(9e040ec06cc3dbb4eaa039dd9976f755) Importer(815301076,1909f56bfc062723c751e8b465ee728b)
Start importing Assets/3rd-Party/StylizedWater/Prefabs using Guid(9e040ec06cc3dbb4eaa039dd9976f755) Importer(815301076,1909f56bfc062723c751e8b465ee728b)  -> (artifact id: '6a3427fe64a697551e1a7dad48fbaf0c') in 0.001509 seconds 
========================================================================
Received Import Request.
  Time since last request: 0.096640 seconds.
  path: Assets/3rd-Party/StylizedWater/Prefabs/Water.prefab
  artifactKey: Guid(cd9d2847d7e4c87488da530bbd58a3e0) Importer(815301076,1909f56bfc062723c751e8b465ee728b)
Start importing Assets/3rd-Party/StylizedWater/Prefabs/Water.prefab using Guid(cd9d2847d7e4c87488da530bbd58a3e0) Importer(815301076,1909f56bfc062723c751e8b465ee728b)  -> (artifact id: '00fba7dd79a5516269264e1b7a799d96') in 0.015626 seconds 
========================================================================
Received Import Request.
  Time since last request: 26.663637 seconds.
  path: Assets/3rd-Party/StylizedWater/Shaders/StylizedWater.shadergraph
  artifactKey: Guid(7c4d6d2e1c155c14f9a37eda55e6ba6a) Importer(815301076,1909f56bfc062723c751e8b465ee728b)
Start importing Assets/3rd-Party/StylizedWater/Shaders/StylizedWater.shadergraph using Guid(7c4d6d2e1c155c14f9a37eda55e6ba6a) Importer(815301076,1909f56bfc062723c751e8b465ee728b)  -> (artifact id: 'cc600aec49b3c8d0f8fd2745e0ac18b6') in 0.007873 seconds 
========================================================================
Received Import Request.
  Time since last request: 0.637788 seconds.
  path: Assets/3rd-Party/StylizedWater/Shaders/PerspectiveDepth.shadersubgraph
  artifactKey: Guid(80ab492bc0cea4148a87f7ef4f6e3a32) Importer(815301076,1909f56bfc062723c751e8b465ee728b)
Start importing Assets/3rd-Party/StylizedWater/Shaders/PerspectiveDepth.shadersubgraph using Guid(80ab492bc0cea4148a87f7ef4f6e3a32) Importer(815301076,1909f56bfc062723c751e8b465ee728b)  -> (artifact id: '7d2432f26780c225eadb9285c74a2b73') in 0.013688 seconds 
========================================================================
Received Import Request.
  Time since last request: 12.691902 seconds.
  path: Assets/3rd-Party/Joystick Pack/Examples/Ground.mat
  artifactKey: Guid(c569c280f0eb52a49a7b2a6b8b0cbcf8) Importer(815301076,1909f56bfc062723c751e8b465ee728b)
Start importing Assets/3rd-Party/Joystick Pack/Examples/Ground.mat using Guid(c569c280f0eb52a49a7b2a6b8b0cbcf8) Importer(815301076,1909f56bfc062723c751e8b465ee728b)  -> (artifact id: '7ebf10f83c4525a24be1c241a45d31ea') in 0.011518 seconds 
========================================================================
Received Import Request.
  Time since last request: 11.935443 seconds.
  path: Assets/3rd-Party/Joystick Pack/Prefabs/Dynamic Joystick.prefab
  artifactKey: Guid(56fae09712773584fb63896d473a98ee) Importer(815301076,1909f56bfc062723c751e8b465ee728b)
Start importing Assets/3rd-Party/Joystick Pack/Prefabs/Dynamic Joystick.prefab using Guid(56fae09712773584fb63896d473a98ee) Importer(815301076,1909f56bfc062723c751e8b465ee728b)  -> (artifact id: 'e5dd367b633cd92af52b24404c11c765') in 0.010036 seconds 
========================================================================
Received Import Request.
  Time since last request: 17.204865 seconds.
  path: Assets/3rd-Party/Epic Toon FX/Models
  artifactKey: Guid(44409221bfdcca942ab36de17ef087bc) Importer(815301076,1909f56bfc062723c751e8b465ee728b)
Start importing Assets/3rd-Party/Epic Toon FX/Models using Guid(44409221bfdcca942ab36de17ef087bc) Importer(815301076,1909f56bfc062723c751e8b465ee728b)  -> (artifact id: '5e0f1579ff370c956ae6486b8d0bb240') in 0.005810 seconds 
========================================================================
Received Import Request.
  Time since last request: 0.060172 seconds.
  path: Assets/3rd-Party/Epic Toon FX/Models/aura_straight.FBX
  artifactKey: Guid(cdd7228b39c07dc48a7a8667d55dcb30) Importer(815301076,1909f56bfc062723c751e8b465ee728b)
Start importing Assets/3rd-Party/Epic Toon FX/Models/aura_straight.FBX using Guid(cdd7228b39c07dc48a7a8667d55dcb30) Importer(815301076,1909f56bfc062723c751e8b465ee728b)  -> (artifact id: 'c66c8154b616750476563682156959e0') in 0.011430 seconds 
========================================================================
Received Import Request.
  Time since last request: 10.018856 seconds.
  path: Assets/3rd-Party/Epic Toon FX/Models/Materials
  artifactKey: Guid(f82e3c1239236774baea832d62911c2e) Importer(815301076,1909f56bfc062723c751e8b465ee728b)
Start importing Assets/3rd-Party/Epic Toon FX/Models/Materials using Guid(f82e3c1239236774baea832d62911c2e) Importer(815301076,1909f56bfc062723c751e8b465ee728b)  -> (artifact id: 'ec9ee35712073589435ecdd5b51e1757') in 0.006134 seconds 
========================================================================
Received Import Request.
  Time since last request: 0.039135 seconds.
  path: Assets/3rd-Party/Epic Toon FX/Models/Materials/sphereshield.mat
  artifactKey: Guid(7cd568da5cad6eb4fb854c66b616eadf) Importer(815301076,1909f56bfc062723c751e8b465ee728b)
Start importing Assets/3rd-Party/Epic Toon FX/Models/Materials/sphereshield.mat using Guid(7cd568da5cad6eb4fb854c66b616eadf) Importer(815301076,1909f56bfc062723c751e8b465ee728b)  -> (artifact id: '8ce7bf7fd28b173cb0abea95a6c80c9c') in 0.011304 seconds 
========================================================================
Received Import Request.
  Time since last request: 17.858178 seconds.
  path: Assets/3rd-Party/Epic Toon FX/Materials/Basics/circlestretchy_AB.mat
  artifactKey: Guid(c69a36694c3d44847ae1097a253e3d56) Importer(815301076,1909f56bfc062723c751e8b465ee728b)
Start importing Assets/3rd-Party/Epic Toon FX/Materials/Basics/circlestretchy_AB.mat using Guid(c69a36694c3d44847ae1097a253e3d56) Importer(815301076,1909f56bfc062723c751e8b465ee728b)  -> (artifact id: '9d8e1caed4aa00afa8e5183cf4e152a7') in 0.015024 seconds 
========================================================================
Received Import Request.
  Time since last request: 14.519522 seconds.
  path: Assets/3rd-Party/Epic Toon FX/Materials/Misc/Stars/star_AB.mat
  artifactKey: Guid(d05bd487e32791148ab238ebabb0154b) Importer(815301076,1909f56bfc062723c751e8b465ee728b)
Start importing Assets/3rd-Party/Epic Toon FX/Materials/Misc/Stars/star_AB.mat using Guid(d05bd487e32791148ab238ebabb0154b) Importer(815301076,1909f56bfc062723c751e8b465ee728b)  -> (artifact id: '72636a2cd82cafcf7b4e8cfe97579fb1') in 0.033729 seconds 
========================================================================
Received Import Request.
  Time since last request: 43.974069 seconds.
  path: Assets/3rd-Party/Epic Toon FX/Textures/circle.png
  artifactKey: Guid(155f67fd8750f8e4e83c8efb1731f3a0) Importer(815301076,1909f56bfc062723c751e8b465ee728b)
Start importing Assets/3rd-Party/Epic Toon FX/Textures/circle.png using Guid(155f67fd8750f8e4e83c8efb1731f3a0) Importer(815301076,1909f56bfc062723c751e8b465ee728b)  -> (artifact id: '89e30366ab80ca2382a7d57efd5fa03a') in 0.010461 seconds 
========================================================================
Received Import Request.
  Time since last request: 0.000018 seconds.
  path: Assets/3rd-Party/Epic Toon FX/Textures/glow1.png
  artifactKey: Guid(75c822b01a637d547abc69e6f1f590b4) Importer(815301076,1909f56bfc062723c751e8b465ee728b)
Start importing Assets/3rd-Party/Epic Toon FX/Textures/glow1.png using Guid(75c822b01a637d547abc69e6f1f590b4) Importer(815301076,1909f56bfc062723c751e8b465ee728b)  -> (artifact id: '6c6f7088126a1f8cd506617d68c75614') in 0.016806 seconds 
========================================================================
Received Import Request.
  Time since last request: 0.000011 seconds.
  path: Assets/3rd-Party/Epic Toon FX/Textures/nova_3x3_spritesheet.png
  artifactKey: Guid(9cc42a00498da1940afe6a3f05099fa5) Importer(815301076,1909f56bfc062723c751e8b465ee728b)
Start importing Assets/3rd-Party/Epic Toon FX/Textures/nova_3x3_spritesheet.png using Guid(9cc42a00498da1940afe6a3f05099fa5) Importer(815301076,1909f56bfc062723c751e8b465ee728b)  -> (artifact id: '3391c9c1a69d6e74234ad496e52af341') in 0.013406 seconds 
========================================================================
Received Import Request.
  Time since last request: 0.000012 seconds.
  path: Assets/3rd-Party/Epic Toon FX/Textures/gradient_horizontal.png
  artifactKey: Guid(e869689c3425dc145a51bd31c5eee138) Importer(815301076,1909f56bfc062723c751e8b465ee728b)
Start importing Assets/3rd-Party/Epic Toon FX/Textures/gradient_horizontal.png using Guid(e869689c3425dc145a51bd31c5eee138) Importer(815301076,1909f56bfc062723c751e8b465ee728b)  -> (artifact id: 'e70bfdbc014d094f2beb207771a36f43') in 0.008432 seconds 
========================================================================
Received Import Request.
  Time since last request: 8.083129 seconds.
  path: Assets/3rd-Party/BizulkaProduction/Hyper_Casual_Weapon
  artifactKey: Guid(e4ff6c0cd9aa1fe498f75cbd9e9c8720) Importer(815301076,1909f56bfc062723c751e8b465ee728b)
Start importing Assets/3rd-Party/BizulkaProduction/Hyper_Casual_Weapon using Guid(e4ff6c0cd9aa1fe498f75cbd9e9c8720) Importer(815301076,1909f56bfc062723c751e8b465ee728b)  -> (artifact id: '7cfab27d839838b883c41775560dc37e') in 0.005996 seconds 
========================================================================
Received Import Request.
  Time since last request: 0.525260 seconds.
  path: Assets/3rd-Party/BizulkaProduction/Hyper_Casual_Weapon/Materials
  artifactKey: Guid(e9ed810659eb3a643a515fb72c8fe6c4) Importer(815301076,1909f56bfc062723c751e8b465ee728b)
Start importing Assets/3rd-Party/BizulkaProduction/Hyper_Casual_Weapon/Materials using Guid(e9ed810659eb3a643a515fb72c8fe6c4) Importer(815301076,1909f56bfc062723c751e8b465ee728b)  -> (artifact id: 'afbffb63b06d20a91b5f06144f0a77d2') in 0.001438 seconds 
========================================================================
Received Import Request.
  Time since last request: 0.066637 seconds.
  path: Assets/3rd-Party/BizulkaProduction/Hyper_Casual_Weapon/Materials/Gray_03.mat
  artifactKey: Guid(2bc79e1cc2eb379438fa92f15155b5e3) Importer(815301076,1909f56bfc062723c751e8b465ee728b)
Start importing Assets/3rd-Party/BizulkaProduction/Hyper_Casual_Weapon/Materials/Gray_03.mat using Guid(2bc79e1cc2eb379438fa92f15155b5e3) Importer(815301076,1909f56bfc062723c751e8b465ee728b)  -> (artifact id: '7ee7021adea6be6f8a16499527fb1655') in 0.017507 seconds 
========================================================================
Received Import Request.
  Time since last request: 14.311095 seconds.
  path: Assets/3rd-Party/BizulkaProduction/Hyper_Casual_Weapon/Models/Axe.fbx
  artifactKey: Guid(8d11b262d3e46cc4ebd6a894a7702947) Importer(815301076,1909f56bfc062723c751e8b465ee728b)
Start importing Assets/3rd-Party/BizulkaProduction/Hyper_Casual_Weapon/Models/Axe.fbx using Guid(8d11b262d3e46cc4ebd6a894a7702947) Importer(815301076,1909f56bfc062723c751e8b465ee728b)  -> (artifact id: 'c6627fc78d5f62e8d5028976df12bba6') in 0.063841 seconds 
========================================================================
Received Import Request.
  Time since last request: 5.714684 seconds.
  path: Assets/3rd-Party/BizulkaProduction/Hyper_Casual_Weapon/Prefabs/Axe.prefab
  artifactKey: Guid(d496c3b95a9c8b049bc546f612ee10d6) Importer(815301076,1909f56bfc062723c751e8b465ee728b)
Start importing Assets/3rd-Party/BizulkaProduction/Hyper_Casual_Weapon/Prefabs/Axe.prefab using Guid(d496c3b95a9c8b049bc546f612ee10d6) Importer(815301076,1909f56bfc062723c751e8b465ee728b)  -> (artifact id: '1ef386a829f2601f3b1d1c68d510470a') in 0.012136 seconds 
========================================================================
Received Import Request.
  Time since last request: 13.755922 seconds.
  path: Assets/3rd-Party/BizulkaProduction/Hyper_Casual_Weapon/Prefabs
  artifactKey: Guid(5f87ab4c64a48864c83bd30432a9d82d) Importer(815301076,1909f56bfc062723c751e8b465ee728b)
Start importing Assets/3rd-Party/BizulkaProduction/Hyper_Casual_Weapon/Prefabs using Guid(5f87ab4c64a48864c83bd30432a9d82d) Importer(815301076,1909f56bfc062723c751e8b465ee728b)  -> (artifact id: 'eb506dfde25145248e5ae70aee80fb5f') in 0.001925 seconds 
========================================================================
Received Prepare
Refreshing native plugins compatible for Editor in 2.41 ms, found 3 plugins.
Preloading 0 native plugins for Editor in 0.00 ms.
Unloading 15 Unused Serialized files (Serialized files now loaded: 0)
Unloading 15 unused Assets / (21.9 KB). Loaded Objects now: 3589.
Memory consumption went from 65.5 MB to 65.5 MB.
Total: 2.302200 ms (FindLiveObjects: 0.148800 ms CreateObjectMapping: 0.046100 ms MarkObjects: 2.095900 ms  DeleteObjects: 0.010800 ms)

AssetImportParameters requested are different than current active one (requested -> active):
  custom:video-decoder-ogg-theora: a1e56fd34408186e4bbccfd4996cb3dc -> 
  custom:container-muxer-webm: aa71ff27fc2769a1b78a27578f13a17b -> 
  custom:container-demuxer-webm: 4f35f7cbe854078d1ac9338744f61a02 -> 
  custom:video-encoder-webm-vp8: eb34c28f22e8b96e1ab97ce403110664 -> 
  custom:audio-encoder-webm-vorbis: bf7c407c2cedff20999df2af8eb42d56 -> 
  custom:framework-win-MediaFoundation: 216162199b28c13a410421893ffa2e32 -> 
  custom:container-demuxer-ogg: 62fdf1f143b41e24485cea50d1cbac27 -> 
  custom:video-decoder-webm-vp8: 9c59270c3fd7afecdb556c50c9e8de78 -> 
  custom:audio-decoder-ogg-vorbis: bf7c407c2cedff20999df2af8eb42d56 -> 
========================================================================
Received Prepare
Refreshing native plugins compatible for Editor in 2.17 ms, found 3 plugins.
Preloading 0 native plugins for Editor in 0.00 ms.
Unloading 15 Unused Serialized files (Serialized files now loaded: 0)
Unloading 15 unused Assets / (21.9 KB). Loaded Objects now: 3589.
Memory consumption went from 65.5 MB to 65.5 MB.
Total: 1.712500 ms (FindLiveObjects: 0.128900 ms CreateObjectMapping: 0.036000 ms MarkObjects: 1.537000 ms  DeleteObjects: 0.010200 ms)

AssetImportParameters requested are different than current active one (requested -> active):
  custom:video-decoder-ogg-theora: a1e56fd34408186e4bbccfd4996cb3dc -> 
  custom:container-muxer-webm: aa71ff27fc2769a1b78a27578f13a17b -> 
  custom:container-demuxer-webm: 4f35f7cbe854078d1ac9338744f61a02 -> 
  custom:video-encoder-webm-vp8: eb34c28f22e8b96e1ab97ce403110664 -> 
  custom:audio-encoder-webm-vorbis: bf7c407c2cedff20999df2af8eb42d56 -> 
  custom:framework-win-MediaFoundation: 216162199b28c13a410421893ffa2e32 -> 
  custom:container-demuxer-ogg: 62fdf1f143b41e24485cea50d1cbac27 -> 
  custom:video-decoder-webm-vp8: 9c59270c3fd7afecdb556c50c9e8de78 -> 
  custom:audio-decoder-ogg-vorbis: bf7c407c2cedff20999df2af8eb42d56 -> 
========================================================================
Received Prepare
Registering precompiled user dll's ...
Registered in 0.003867 seconds.
Begin MonoManager ReloadAssembly
Symbol file LoadedFromMemory doesn't match image D:\UnityProject\24Play\Vladyslav-Fotesko-28.02.24\Library\PackageCache\com.unity.visualscripting@1.8.0\Editor\VisualScripting.Core\Dependencies\YamlDotNet\Unity.VisualScripting.YamlDotNet.dll
Symbol file LoadedFromMemory doesn't match image D:\UnityProject\24Play\Vladyslav-Fotesko-28.02.24\Library\PackageCache\com.unity.visualscripting@1.8.0\Editor\VisualScripting.Core\Dependencies\DotNetZip\Unity.VisualScripting.IonicZip.dll
Native extension for WindowsStandalone target not found
Native extension for Android target not found
Refreshing native plugins compatible for Editor in 0.34 ms, found 3 plugins.
Preloading 0 native plugins for Editor in 0.00 ms.
Mono: successfully reloaded assembly
- Completed reload, in  0.540 seconds
Domain Reload Profiling:
	ReloadAssembly (540ms)
		BeginReloadAssembly (93ms)
			ExecutionOrderSort (0ms)
			DisableScriptedObjects (2ms)
			BackupInstance (0ms)
			ReleaseScriptingObjects (0ms)
			CreateAndSetChildDomain (21ms)
		EndReloadAssembly (393ms)
			LoadAssemblies (60ms)
			RebuildTransferFunctionScriptingTraits (0ms)
			SetupTypeCache (127ms)
			ReleaseScriptCaches (1ms)
			RebuildScriptCaches (21ms)
			SetupLoadedEditorAssemblies (167ms)
				LogAssemblyErrors (0ms)
				InitializePlatformSupportModulesInManaged (16ms)
				SetLoadedEditorAssemblies (0ms)
				RefreshPlugins (0ms)
				BeforeProcessingInitializeOnLoad (38ms)
				ProcessInitializeOnLoadAttributes (94ms)
				ProcessInitializeOnLoadMethodAttributes (10ms)
				AfterProcessingInitializeOnLoad (7ms)
				EditorAssembliesLoaded (0ms)
			ExecutionOrderSort2 (0ms)
			AwakeInstancesAfterBackupRestoration (3ms)
Platform modules already initialized, skipping
Refreshing native plugins compatible for Editor in 1.18 ms, found 3 plugins.
Preloading 0 native plugins for Editor in 0.00 ms.
Unloading 3051 Unused Serialized files (Serialized files now loaded: 0)
Unloading 15 unused Assets / (24.6 KB). Loaded Objects now: 3591.
Memory consumption went from 125.9 MB to 125.9 MB.
Total: 1.558700 ms (FindLiveObjects: 0.132100 ms CreateObjectMapping: 0.035700 ms MarkObjects: 1.379200 ms  DeleteObjects: 0.011000 ms)

AssetImportParameters requested are different than current active one (requested -> active):
  custom:video-decoder-ogg-theora: a1e56fd34408186e4bbccfd4996cb3dc -> 
  custom:container-muxer-webm: aa71ff27fc2769a1b78a27578f13a17b -> 
  custom:container-demuxer-webm: 4f35f7cbe854078d1ac9338744f61a02 -> 
  custom:video-encoder-webm-vp8: eb34c28f22e8b96e1ab97ce403110664 -> 
  custom:audio-encoder-webm-vorbis: bf7c407c2cedff20999df2af8eb42d56 -> 
  custom:framework-win-MediaFoundation: 216162199b28c13a410421893ffa2e32 -> 
  custom:container-demuxer-ogg: 62fdf1f143b41e24485cea50d1cbac27 -> 
  custom:video-decoder-webm-vp8: 9c59270c3fd7afecdb556c50c9e8de78 -> 
  custom:audio-decoder-ogg-vorbis: bf7c407c2cedff20999df2af8eb42d56 -> 
========================================================================
Received Import Request.
  Time since last request: 89.361968 seconds.
  path: Assets/Prefabs/Brick.prefab
  artifactKey: Guid(0131f173465a5ea48b5a2b6f2e38dbd1) Importer(815301076,1909f56bfc062723c751e8b465ee728b)
Start importing Assets/Prefabs/Brick.prefab using Guid(0131f173465a5ea48b5a2b6f2e38dbd1) Importer(815301076,1909f56bfc062723c751e8b465ee728b)  -> (artifact id: '0ea25bf119dcb7c7fce7854389486d5e') in 0.161706 seconds 
========================================================================
Received Import Request.
  Time since last request: 0.000021 seconds.
  path: Assets/Prefabs/Lumber.prefab
  artifactKey: Guid(f8ee26fe9a744064ab54743e3933e93e) Importer(815301076,1909f56bfc062723c751e8b465ee728b)
Start importing Assets/Prefabs/Lumber.prefab using Guid(f8ee26fe9a744064ab54743e3933e93e) Importer(815301076,1909f56bfc062723c751e8b465ee728b)  -> (artifact id: '51ce5b3d8658fe44353a5e8e5e435ae1') in 0.029021 seconds 
========================================================================
Received Import Request.
  Time since last request: 0.000022 seconds.
  path: Assets/Prefabs/Player.prefab
  artifactKey: Guid(ecb0ade85117c4841a029e15f5558306) Importer(815301076,1909f56bfc062723c751e8b465ee728b)
Start importing Assets/Prefabs/Player.prefab using Guid(ecb0ade85117c4841a029e15f5558306) Importer(815301076,1909f56bfc062723c751e8b465ee728b)  -> (artifact id: 'efd3c3a42a68525a26dd51ef4f96251e') in 0.068702 seconds 
========================================================================
Received Import Request.
  Time since last request: 0.000013 seconds.
  path: Assets/Prefabs/Hex_Filed.prefab
  artifactKey: Guid(77c21eed7f1e4754d9e0dea9ec78b780) Importer(815301076,1909f56bfc062723c751e8b465ee728b)
Start importing Assets/Prefabs/Hex_Filed.prefab using Guid(77c21eed7f1e4754d9e0dea9ec78b780) Importer(815301076,1909f56bfc062723c751e8b465ee728b)  -> (artifact id: '5ddd3d70378877d185005f9d49f34041') in 0.031547 seconds 
========================================================================
Received Import Request.
  Time since last request: 0.000014 seconds.
  path: Assets/Prefabs/Workbench.prefab
  artifactKey: Guid(7d411be4e214dc54ebcd8ef8e6fef49f) Importer(815301076,1909f56bfc062723c751e8b465ee728b)
Start importing Assets/Prefabs/Workbench.prefab using Guid(7d411be4e214dc54ebcd8ef8e6fef49f) Importer(815301076,1909f56bfc062723c751e8b465ee728b)  -> (artifact id: '3c4cd87bbce420fea9bb0aceeab8978d') in 0.032418 seconds 
========================================================================
Received Import Request.
  Time since last request: 0.000012 seconds.
  path: Assets/Prefabs/Stone.prefab
  artifactKey: Guid(204b3da9aabdd724894d6a2a72c29f1a) Importer(815301076,1909f56bfc062723c751e8b465ee728b)
Start importing Assets/Prefabs/Stone.prefab using Guid(204b3da9aabdd724894d6a2a72c29f1a) Importer(815301076,1909f56bfc062723c751e8b465ee728b)  -> (artifact id: 'b99adf1cbf97a249bf42e268815a892c') in 0.013351 seconds 
========================================================================
Received Import Request.
  Time since last request: 0.000012 seconds.
  path: Assets/Prefabs/Crystals.prefab
  artifactKey: Guid(0fea24650abf2f0459981478af1ba755) Importer(815301076,1909f56bfc062723c751e8b465ee728b)
Start importing Assets/Prefabs/Crystals.prefab using Guid(0fea24650abf2f0459981478af1ba755) Importer(815301076,1909f56bfc062723c751e8b465ee728b)  -> (artifact id: 'c74999dc13e7ed13cf38846e3f4cb58e') in 0.014891 seconds 
========================================================================
Received Import Request.
  Time since last request: 3.341212 seconds.
  path: Assets/Sprites/Brick.png
  artifactKey: Guid(9905249b5b03d6143b75f32047d7bec5) Importer(815301076,1909f56bfc062723c751e8b465ee728b)
Start importing Assets/Sprites/Brick.png using Guid(9905249b5b03d6143b75f32047d7bec5) Importer(815301076,1909f56bfc062723c751e8b465ee728b)  -> (artifact id: 'cd4e2d75acbc3cda0c669a7201a4a305') in 0.022348 seconds 
========================================================================
Received Import Request.
  Time since last request: 1.619500 seconds.
  path: Assets/Fonts/LilitaOne-Regular.ttf
  artifactKey: Guid(df2bec82588ca534d9c1f96a7ae269b8) Importer(815301076,1909f56bfc062723c751e8b465ee728b)
Start importing Assets/Fonts/LilitaOne-Regular.ttf using Guid(df2bec82588ca534d9c1f96a7ae269b8) Importer(815301076,1909f56bfc062723c751e8b465ee728b)  -> (artifact id: 'ae3d330eaec5d7bbe0eb3d2c75e67bbc') in 0.021907 seconds 
========================================================================
Received Import Request.
  Time since last request: 6.930050 seconds.
  path: Assets/3rd-Party/BizulkaProduction/Hyper_Casual_Weapon/Prefabs/Axe.prefab
  artifactKey: Guid(d496c3b95a9c8b049bc546f612ee10d6) Importer(815301076,1909f56bfc062723c751e8b465ee728b)
Start importing Assets/3rd-Party/BizulkaProduction/Hyper_Casual_Weapon/Prefabs/Axe.prefab using Guid(d496c3b95a9c8b049bc546f612ee10d6) Importer(815301076,1909f56bfc062723c751e8b465ee728b)  -> (artifact id: '5371d0130279dd7502484dd438db19ae') in 0.010283 seconds 
========================================================================
Received Import Request.
  Time since last request: 2.201246 seconds.
  path: Assets/3rd-Party/Epic Toon FX/Models/aura_straight.FBX
  artifactKey: Guid(cdd7228b39c07dc48a7a8667d55dcb30) Importer(815301076,1909f56bfc062723c751e8b465ee728b)
Start importing Assets/3rd-Party/Epic Toon FX/Models/aura_straight.FBX using Guid(cdd7228b39c07dc48a7a8667d55dcb30) Importer(815301076,1909f56bfc062723c751e8b465ee728b)  -> (artifact id: '97d440f8a6e0ab187cf5acc9c53976cb') in 0.044166 seconds 
========================================================================
Received Import Request.
  Time since last request: 0.402289 seconds.
  path: Assets/3rd-Party/Epic Toon FX/Models/Materials/sphereshield.mat
  artifactKey: Guid(7cd568da5cad6eb4fb854c66b616eadf) Importer(815301076,1909f56bfc062723c751e8b465ee728b)
Start importing Assets/3rd-Party/Epic Toon FX/Models/Materials/sphereshield.mat using Guid(7cd568da5cad6eb4fb854c66b616eadf) Importer(815301076,1909f56bfc062723c751e8b465ee728b)  -> (artifact id: 'bb4c145782a9cf5b52d0c3f4ebe1b6d1') in 0.029991 seconds 
========================================================================
Received Import Request.
  Time since last request: 6.952943 seconds.
  path: Assets/3rd-Party/Epic Toon FX/Materials/Basics/circle_AB.mat
  artifactKey: Guid(150aee38b5d848b42b75593618992bb7) Importer(815301076,1909f56bfc062723c751e8b465ee728b)
Start importing Assets/3rd-Party/Epic Toon FX/Materials/Basics/circle_AB.mat using Guid(150aee38b5d848b42b75593618992bb7) Importer(815301076,1909f56bfc062723c751e8b465ee728b)  -> (artifact id: 'ec5604210372966b04e95e4fc9c4d445') in 0.045907 seconds 
========================================================================
Received Import Request.
  Time since last request: 0.601246 seconds.
  path: Assets/3rd-Party/Epic Toon FX/Materials/Misc/Explosions/nova_3x3_spritesheet_ADD.mat
  artifactKey: Guid(da7ddd9092467374182355e1178b192e) Importer(815301076,1909f56bfc062723c751e8b465ee728b)
Start importing Assets/3rd-Party/Epic Toon FX/Materials/Misc/Explosions/nova_3x3_spritesheet_ADD.mat using Guid(da7ddd9092467374182355e1178b192e) Importer(815301076,1909f56bfc062723c751e8b465ee728b)  -> (artifact id: 'ad75d66e64c01ec205041a8e1ab22b73') in 0.031004 seconds 
========================================================================
Received Import Request.
  Time since last request: 0.328609 seconds.
  path: Assets/3rd-Party/Epic Toon FX/Materials/Misc/Portals/portal_circular_ADD.mat
  artifactKey: Guid(fcdd5e9255d384b4f8ac9e8c75ad684d) Importer(815301076,1909f56bfc062723c751e8b465ee728b)
Start importing Assets/3rd-Party/Epic Toon FX/Materials/Misc/Portals/portal_circular_ADD.mat using Guid(fcdd5e9255d384b4f8ac9e8c75ad684d) Importer(815301076,1909f56bfc062723c751e8b465ee728b)  -> (artifact id: 'a5b681ac0b2169093e5dd09f4449cd9a') in 0.010917 seconds 
========================================================================
Received Import Request.
  Time since last request: 2.492655 seconds.
  path: Assets/3rd-Party/Epic Toon FX/Textures/circle.png
  artifactKey: Guid(155f67fd8750f8e4e83c8efb1731f3a0) Importer(815301076,1909f56bfc062723c751e8b465ee728b)
Start importing Assets/3rd-Party/Epic Toon FX/Textures/circle.png using Guid(155f67fd8750f8e4e83c8efb1731f3a0) Importer(815301076,1909f56bfc062723c751e8b465ee728b)  -> (artifact id: '930d1701b59b9faecb729f6aed7dbc5c') in 0.017105 seconds 
========================================================================
Received Import Request.
  Time since last request: 0.000011 seconds.
  path: Assets/3rd-Party/Epic Toon FX/Textures/triangle_soft.png
  artifactKey: Guid(c21e9846e5a62354d8b9d86c2fa78a7d) Importer(815301076,1909f56bfc062723c751e8b465ee728b)
Start importing Assets/3rd-Party/Epic Toon FX/Textures/triangle_soft.png using Guid(c21e9846e5a62354d8b9d86c2fa78a7d) Importer(815301076,1909f56bfc062723c751e8b465ee728b)  -> (artifact id: 'a73dcd629904fec75485219757c47430') in 0.032937 seconds 
========================================================================
Received Import Request.
  Time since last request: 1.314148 seconds.
  path: Assets/3rd-Party/Joystick Pack/Examples/Ground.mat
  artifactKey: Guid(c569c280f0eb52a49a7b2a6b8b0cbcf8) Importer(815301076,1909f56bfc062723c751e8b465ee728b)
Start importing Assets/3rd-Party/Joystick Pack/Examples/Ground.mat using Guid(c569c280f0eb52a49a7b2a6b8b0cbcf8) Importer(815301076,1909f56bfc062723c751e8b465ee728b)  -> (artifact id: '2e9a369a504fc1ef9c27c38e4b34095c') in 0.008640 seconds 
========================================================================
Received Import Request.
  Time since last request: 2.973193 seconds.
  path: Assets/3rd-Party/StylizedWater/Materials/Shader Graphs_StylizedWater.mat
  artifactKey: Guid(da6fbd241ad9652419591a835a645142) Importer(815301076,1909f56bfc062723c751e8b465ee728b)
Start importing Assets/3rd-Party/StylizedWater/Materials/Shader Graphs_StylizedWater.mat using Guid(da6fbd241ad9652419591a835a645142) Importer(815301076,1909f56bfc062723c751e8b465ee728b)  -> (artifact id: 'b20bd63ec0964cc30eec0fdd89c485af') in 0.010806 seconds 
========================================================================
Received Import Request.
  Time since last request: 0.317260 seconds.
  path: Assets/3rd-Party/StylizedWater/Prefabs/Water.prefab
  artifactKey: Guid(cd9d2847d7e4c87488da530bbd58a3e0) Importer(815301076,1909f56bfc062723c751e8b465ee728b)
Start importing Assets/3rd-Party/StylizedWater/Prefabs/Water.prefab using Guid(cd9d2847d7e4c87488da530bbd58a3e0) Importer(815301076,1909f56bfc062723c751e8b465ee728b)  -> (artifact id: 'b92c7b5a051259899001e1b78d2cddf2') in 0.013750 seconds 
========================================================================
Received Import Request.
  Time since last request: 6.812431 seconds.
  path: Assets/3rd-Party/StylizedWater/Materials
  artifactKey: Guid(372e2a5b9248fe84694cc154215035b8) Importer(815301076,1909f56bfc062723c751e8b465ee728b)
Start importing Assets/3rd-Party/StylizedWater/Materials using Guid(372e2a5b9248fe84694cc154215035b8) Importer(815301076,1909f56bfc062723c751e8b465ee728b)  -> (artifact id: 'd65d92006cc4efbfa53b95bf3b875aad') in 0.005802 seconds 
========================================================================
Received Import Request.
  Time since last request: 43.896796 seconds.
  path: Assets/3rd-Party/StylizedWater/Shaders/Movement.shadersubgraph
  artifactKey: Guid(b200cafcd83051340abc3d5697535ff8) Importer(815301076,1909f56bfc062723c751e8b465ee728b)
Start importing Assets/3rd-Party/StylizedWater/Shaders/Movement.shadersubgraph using Guid(b200cafcd83051340abc3d5697535ff8) Importer(815301076,1909f56bfc062723c751e8b465ee728b)  -> (artifact id: '461756eb6a9137178d45d22ebeeec6ff') in 0.007607 seconds 
========================================================================
Received Import Request.
  Time since last request: 616.968701 seconds.
  path: Assets/3rd-Party/Epic Toon FX/Materials/Basics
  artifactKey: Guid(13a88dc8d0f5fcf44a198d234914dbfc) Importer(815301076,1909f56bfc062723c751e8b465ee728b)
Start importing Assets/3rd-Party/Epic Toon FX/Materials/Basics using Guid(13a88dc8d0f5fcf44a198d234914dbfc) Importer(815301076,1909f56bfc062723c751e8b465ee728b)  -> (artifact id: 'e99eee332d07b75f0814c628747412f3') in 0.007471 seconds 
========================================================================
Received Import Request.
  Time since last request: 1.992829 seconds.
  path: Assets/3rd-Party/Epic Toon FX/Materials/Misc/Stars/star_AB.mat
  artifactKey: Guid(d05bd487e32791148ab238ebabb0154b) Importer(815301076,1909f56bfc062723c751e8b465ee728b)
Start importing Assets/3rd-Party/Epic Toon FX/Materials/Misc/Stars/star_AB.mat using Guid(d05bd487e32791148ab238ebabb0154b) Importer(815301076,1909f56bfc062723c751e8b465ee728b)  -> (artifact id: 'b4f2a4606221fea7f8f379c4fef6d56f') in 0.013105 seconds 
========================================================================
Received Import Request.
  Time since last request: 449.096490 seconds.
  path: Assets/3rd-Party/Epic Toon FX/Materials/Misc/Unsorted/leaf_3x3_AB.mat
  artifactKey: Guid(fe8511f93a008754ab121c179e401ecf) Importer(815301076,1909f56bfc062723c751e8b465ee728b)
Start importing Assets/3rd-Party/Epic Toon FX/Materials/Misc/Unsorted/leaf_3x3_AB.mat using Guid(fe8511f93a008754ab121c179e401ecf) Importer(815301076,1909f56bfc062723c751e8b465ee728b)  -> (artifact id: 'cee65993566abac5952b7611502ad546') in 0.013444 seconds 
========================================================================
Received Import Request.
  Time since last request: 3.231226 seconds.
  path: Assets/3rd-Party/BizulkaProduction/Hyper_Casual_Weapon/Materials/Gray_03.mat
  artifactKey: Guid(2bc79e1cc2eb379438fa92f15155b5e3) Importer(815301076,1909f56bfc062723c751e8b465ee728b)
Start importing Assets/3rd-Party/BizulkaProduction/Hyper_Casual_Weapon/Materials/Gray_03.mat using Guid(2bc79e1cc2eb379438fa92f15155b5e3) Importer(815301076,1909f56bfc062723c751e8b465ee728b)  -> (artifact id: 'b8700661e03af8bcfa409ebb4d7aaac2') in 0.008850 seconds 
========================================================================
Received Import Request.
  Time since last request: 0.000011 seconds.
  path: Assets/3rd-Party/BizulkaProduction/Hyper_Casual_Weapon/Materials/Yellow_04.mat
  artifactKey: Guid(64bb8b430b848b0408372e954e5dc328) Importer(815301076,1909f56bfc062723c751e8b465ee728b)
Start importing Assets/3rd-Party/BizulkaProduction/Hyper_Casual_Weapon/Materials/Yellow_04.mat using Guid(64bb8b430b848b0408372e954e5dc328) Importer(815301076,1909f56bfc062723c751e8b465ee728b)  -> (artifact id: '1dbfda11a696b44380ad26109f2d3e1b') in 0.007536 seconds 
========================================================================
Received Import Request.
  Time since last request: 2.198972 seconds.
  path: Assets/Models/Brick.fbx
  artifactKey: Guid(7ac7e0c3723090e4286dd4df6560f6bf) Importer(815301076,1909f56bfc062723c751e8b465ee728b)
Start importing Assets/Models/Brick.fbx using Guid(7ac7e0c3723090e4286dd4df6560f6bf) Importer(815301076,1909f56bfc062723c751e8b465ee728b)  -> (artifact id: 'e356f4436c75d87a2f36468397063ac8') in 0.038080 seconds 
========================================================================
Received Import Request.
  Time since last request: 0.000014 seconds.
  path: Assets/Models/Stone.fbx
  artifactKey: Guid(d333c399e0f89774c840d737ae3302ef) Importer(815301076,1909f56bfc062723c751e8b465ee728b)
Start importing Assets/Models/Stone.fbx using Guid(d333c399e0f89774c840d737ae3302ef) Importer(815301076,1909f56bfc062723c751e8b465ee728b)  -> (artifact id: '58a4d97deedc023459096819ec4c54ff') in 0.044299 seconds 
========================================================================
Received Import Request.
  Time since last request: 0.000012 seconds.
  path: Assets/Models/Cloud_1.fbx
  artifactKey: Guid(ad14e35ee9a6dbd4c92ac19c560b5a29) Importer(815301076,1909f56bfc062723c751e8b465ee728b)
Start importing Assets/Models/Cloud_1.fbx using Guid(ad14e35ee9a6dbd4c92ac19c560b5a29) Importer(815301076,1909f56bfc062723c751e8b465ee728b)  -> (artifact id: 'e5fdaa6d8deb78c46b0848e17b926ce9') in 0.062080 seconds 
========================================================================
Received Import Request.
  Time since last request: 0.000014 seconds.
  path: Assets/Models/Hex_Field.fbx
  artifactKey: Guid(75f4b45e2e3e2af4d9d1dd3ac8930e0b) Importer(815301076,1909f56bfc062723c751e8b465ee728b)
Start importing Assets/Models/Hex_Field.fbx using Guid(75f4b45e2e3e2af4d9d1dd3ac8930e0b) Importer(815301076,1909f56bfc062723c751e8b465ee728b)  -> (artifact id: 'e266d1b49f69108a8f66232c43901a49') in 0.018294 seconds 
========================================================================
Received Import Request.
  Time since last request: 0.000018 seconds.
  path: Assets/Models/Pine.fbx
  artifactKey: Guid(0438282dc9362be418babdb6b53d60e7) Importer(815301076,1909f56bfc062723c751e8b465ee728b)
Start importing Assets/Models/Pine.fbx using Guid(0438282dc9362be418babdb6b53d60e7) Importer(815301076,1909f56bfc062723c751e8b465ee728b)  -> (artifact id: 'f4d244e2b0580d9e3ac086aea6126862') in 0.043011 seconds 
========================================================================
Received Import Request.
  Time since last request: 0.000012 seconds.
  path: Assets/Models/Rock.fbx
  artifactKey: Guid(eec8f4927722e5644a89af535a467054) Importer(815301076,1909f56bfc062723c751e8b465ee728b)
Start importing Assets/Models/Rock.fbx using Guid(eec8f4927722e5644a89af535a467054) Importer(815301076,1909f56bfc062723c751e8b465ee728b)  -> (artifact id: '6ff0f537b80cd326741c000e5f9113de') in 0.040321 seconds 
========================================================================
Received Import Request.
  Time since last request: 0.000012 seconds.
  path: Assets/Models/Hex_Stone.fbx
  artifactKey: Guid(b5573fc8a3dcafa43b98926524aec279) Importer(815301076,1909f56bfc062723c751e8b465ee728b)
Start importing Assets/Models/Hex_Stone.fbx using Guid(b5573fc8a3dcafa43b98926524aec279) Importer(815301076,1909f56bfc062723c751e8b465ee728b)  -> (artifact id: '0e021d78285cfd0fe0229dc672f2b65d') in 0.017596 seconds 
Editor requested this worker to shutdown with reason: Scaling down because of idle timeout
AssetImportWorker is now disconnected from the server
Process exiting
Exiting without the bug reporter. Application will terminate with return code 0